============================= test session starts ==============================
platform darwin -- Python 3.11.14, pytest-9.0.2, pluggy-1.6.0 -- /Users/ganapolsky_i/workspace/git/igor/trading/.venv/bin/python
cachedir: .pytest_cache
rootdir: /Users/ganapolsky_i/workspace/git/igor/trading
configfile: pytest.ini (WARNING: ignoring pytest config in pyproject.toml!)
testpaths: tests
plugins: langsmith-0.6.3, anyio-4.12.0, cov-7.0.0
collecting ... collected 2446 items

tests/evals/test_offline_rag_retrieval_evals.py::test_offline_rag_retrieval_eval[position stacking query hits stacking lesson] PASSED [  0%]
tests/evals/test_offline_rag_retrieval_evals.py::test_offline_rag_retrieval_eval[blind trading query hits equity guard lesson] PASSED [  0%]
tests/evals/test_offline_rag_retrieval_evals.py::test_offline_rag_retrieval_eval[stop loss query hits stop loss lesson] PASSED [  0%]
tests/evals/test_offline_rag_retrieval_evals.py::test_offline_rag_retrieval_eval[severity filter returns critical lesson] PASSED [  0%]
tests/evals/test_offline_rag_retrieval_evals.py::test_offline_rag_retrieval_eval[tag match is boosted] PASSED [  0%]
tests/evals/test_trade_execution_evals.py::TestTradeExecutionEvals::test_valid_proposal_passes_all PASSED [  0%]
tests/evals/test_trade_execution_evals.py::TestTradeExecutionEvals::test_wrong_ticker_fails PASSED [  0%]
tests/evals/test_trade_execution_evals.py::TestTradeExecutionEvals::test_wrong_strategy_fails PASSED [  0%]
tests/evals/test_trade_execution_evals.py::TestTradeExecutionEvals::test_oversized_position_fails PASSED [  0%]
tests/evals/test_trade_execution_evals.py::TestTradeExecutionEvals::test_wrong_leg_count_fails PASSED [  0%]
tests/evals/test_trade_execution_evals.py::TestTradeExecutionEvals::test_delta_too_high_fails PASSED [  0%]
tests/evals/test_trade_execution_evals.py::TestTradeExecutionEvals::test_dte_too_short_fails PASSED [  0%]
tests/evals/test_trade_execution_evals.py::TestTradeExecutionEvals::test_missing_stop_loss_fails PASSED [  0%]
tests/evals/test_trade_execution_evals.py::TestTradeExecutionEvals::test_bad_risk_reward_warns PASSED [  0%]
tests/evals/test_trade_execution_evals.py::TestTradeExecutionEvals::test_full_validation_blocks_bad_trade PASSED [  0%]
tests/integration/test_trading_pipeline.py::TestEquityStrategyIntegration::test_equity_strategy_placeholder PASSED [  0%]
tests/integration/test_trading_pipeline.py::TestEquityStrategyIntegration::test_momentum_indicators_integration SKIPPED [  0%]
tests/integration/test_trading_pipeline.py::TestAlpacaIntegration::test_alpaca_client_initialization SKIPPED [  0%]
tests/integration/test_trading_pipeline.py::TestAlpacaIntegration::test_alpaca_market_data SKIPPED [  0%]
tests/integration/test_trading_pipeline.py::TestSystemIntegration::test_system_state_persistence PASSED [  0%]
tests/integration/test_trading_pipeline.py::TestSystemIntegration::test_trade_log_format PASSED [  0%]
tests/integration/test_trading_pipeline.py::TestSystemIntegration::test_autonomous_trader_syntax PASSED [  0%]
tests/integration/test_trading_pipeline.py::TestSystemIntegration::test_required_dependencies PASSED [  0%]
tests/integration/test_trading_pipeline.py::TestHealthMonitoring::test_health_monitor_syntax PASSED [  0%]
tests/integration/test_trading_pipeline.py::TestHealthMonitoring::test_health_monitor_execution PASSED [  1%]
tests/integration/test_webhook_integration.py::test_webhook_health PASSED [  1%]
tests/integration/test_webhook_integration.py::test_webhook_trade_query PASSED [  1%]
tests/integration/test_webhook_integration.py::test_webhook_compound_query PASSED [  1%]
tests/test_actionable_task_engine.py::TestTaskCreation::test_create_trade_entry_tasks_creates_7_tasks PASSED [  1%]
tests/test_actionable_task_engine.py::TestTaskCreation::test_tasks_have_correct_owners PASSED [  1%]
tests/test_actionable_task_engine.py::TestTaskCreation::test_tasks_have_deadlines PASSED [  1%]
tests/test_actionable_task_engine.py::TestTaskCreation::test_tasks_have_success_criteria PASSED [  1%]
tests/test_actionable_task_engine.py::TestTaskCreation::test_tasks_have_dependencies PASSED [  1%]
tests/test_actionable_task_engine.py::TestTaskExecution::test_start_task_checks_dependencies PASSED [  1%]
tests/test_actionable_task_engine.py::TestTaskExecution::test_start_first_task_succeeds PASSED [  1%]
tests/test_actionable_task_engine.py::TestTaskExecution::test_complete_requires_verification PASSED [  1%]
tests/test_actionable_task_engine.py::TestTaskExecution::test_completing_unblocks_dependents PASSED [  1%]
tests/test_actionable_task_engine.py::TestCEOApproval::test_approval_task_starts_awaiting PASSED [  1%]
tests/test_actionable_task_engine.py::TestCEOApproval::test_ceo_can_approve PASSED [  1%]
tests/test_actionable_task_engine.py::TestCEOApproval::test_exit_requires_ceo_approval PASSED [  1%]
tests/test_actionable_task_engine.py::TestEscalation::test_overdue_tasks_escalate PASSED [  1%]
tests/test_actionable_task_engine.py::TestEscalation::test_escalation_count_increments PASSED [  1%]
tests/test_actionable_task_engine.py::TestStatusReport::test_status_report_structure PASSED [  1%]
tests/test_actionable_task_engine.py::TestStatusReport::test_report_counts_correct PASSED [  1%]
tests/test_actionable_task_engine.py::TestPersistence::test_tasks_persist_to_file PASSED [  1%]
tests/test_actionable_task_engine.py::TestVerification::test_verify_calls_check_function PASSED [  1%]
tests/test_actionable_task_engine.py::TestVerification::test_verification_records_results PASSED [  1%]
tests/test_actionable_task_engine.py::TestIntegration::test_checklist_integration PASSED [  1%]
tests/test_actionable_task_engine.py::TestIntegration::test_smoke_test_integration PASSED [  2%]
tests/test_add_meta_descriptions.py::test_extract_answer_block PASSED    [  2%]
tests/test_add_meta_descriptions.py::test_extract_first_paragraph PASSED [  2%]
tests/test_add_meta_descriptions.py::test_truncate_long_content PASSED   [  2%]
tests/test_add_meta_descriptions.py::test_extract_frontmatter_valid PASSED [  2%]
tests/test_add_meta_descriptions.py::test_extract_frontmatter_yaml_list PASSED [  2%]
tests/test_add_meta_descriptions.py::test_extract_frontmatter_invalid PASSED [  2%]
tests/test_add_meta_descriptions.py::test_skip_markdown_formatting PASSED [  2%]
tests/test_agent_handoff_gate.py::test_parse_changed_paths_ignores_empty_lines PASSED [  2%]
tests/test_agent_handoff_gate.py::test_validate_agents_contract_fails_when_required_section_missing PASSED [  2%]
tests/test_agent_handoff_gate.py::test_select_targeted_tests_matches_by_stem PASSED [  2%]
tests/test_agent_handoff_gate.py::test_render_markdown_report_includes_failed_steps PASSED [  2%]
tests/test_agent_workflow_toolkit.py::test_slim_log_text_redacts_and_compresses PASSED [  2%]
tests/test_agent_workflow_toolkit.py::test_build_context_bundle_enforces_token_budget PASSED [  2%]
tests/test_agent_workflow_toolkit.py::test_parse_plan_tasks_extracts_checkbox_numbered_and_bullets PASSED [  2%]
tests/test_agent_workflow_toolkit.py::test_retro_files_are_written_with_rag_tags PASSED [  2%]
tests/test_agent_workflow_toolkit.py::test_run_chain_dry_run_writes_artifacts PASSED [  2%]
tests/test_agent_workflow_toolkit.py::test_build_zsh_snippet_contains_expected_shortcuts PASSED [  2%]
tests/test_agentic_cycle.py::test_agentic_cycle_reaches_goal_after_repeats PASSED [  2%]
tests/test_agentic_cycle.py::test_agentic_cycle_stops_on_feedback PASSED [  2%]
tests/test_agentic_cycle.py::test_agentic_cycle_error_path_returns_structured_failure PASSED [  2%]
tests/test_agentic_cycle.py::test_agentic_cycle_continues_when_stop_on_error_disabled PASSED [  2%]
tests/test_agentic_cycle.py::test_agentic_cycle_config_rejects_non_positive_cycles PASSED [  2%]
tests/test_ai_credit_stress_signal.py::test_parse_fred_csv_ignores_missing_values PASSED [  2%]
tests/test_ai_credit_stress_signal.py::test_evaluate_ai_credit_stress_signal_blocked PASSED [  2%]
tests/test_ai_credit_stress_signal.py::test_evaluate_ai_credit_stress_signal_pass PASSED [  3%]
tests/test_ai_credit_stress_signal.py::test_evaluate_ai_credit_stress_signal_unknown_when_no_data PASSED [  3%]
tests/test_alpaca_client.py::TestGetAlpacaClient::test_import_successful PASSED [  3%]
tests/test_alpaca_client.py::TestGetAlpacaClient::test_returns_none_without_credentials PASSED [  3%]
tests/test_alpaca_client.py::TestGetAlpacaClient::test_returns_none_with_partial_credentials PASSED [  3%]
tests/test_alpaca_client.py::TestGetAlpacaClient::test_handles_import_error_gracefully PASSED [  3%]
tests/test_alpaca_client.py::TestGetOptionsClient::test_import_successful PASSED [  3%]
tests/test_alpaca_client.py::TestGetOptionsClient::test_calls_get_alpaca_client PASSED [  3%]
tests/test_alpaca_client.py::TestGetAccountInfo::test_import_successful PASSED [  3%]
tests/test_alpaca_client.py::TestGetAccountInfo::test_returns_none_with_none_client PASSED [  3%]
tests/test_alpaca_client.py::TestGetAccountInfo::test_returns_dict_with_valid_client PASSED [  3%]
tests/test_alpaca_client.py::TestGetAccountInfo::test_handles_client_error PASSED [  3%]
tests/test_alpaca_client.py::TestPaperModeDefault::test_paper_mode_is_default PASSED [  3%]
tests/test_alpaca_executor.py::TestAlpacaExecutorInitialization::test_init_simulated_mode PASSED [  3%]
tests/test_alpaca_executor.py::TestAlpacaExecutorInitialization::test_init_with_broker PASSED [  3%]
tests/test_alpaca_executor.py::TestAlpacaExecutorInitialization::test_init_fallback_to_simulator PASSED [  3%]
tests/test_alpaca_executor.py::TestAccountEquityProperty::test_account_equity_from_equity_field PASSED [  3%]
tests/test_alpaca_executor.py::TestAccountEquityProperty::test_account_equity_from_portfolio_value PASSED [  3%]
tests/test_alpaca_executor.py::TestAccountEquityProperty::test_account_equity_simulated_default PASSED [  3%]
tests/test_alpaca_executor.py::TestSyncPortfolioState::test_sync_simulated_mode PASSED [  3%]
tests/test_alpaca_executor.py::TestSyncPortfolioState::test_sync_with_account_info PASSED [  3%]
tests/test_alpaca_executor.py::TestSyncPortfolioState::test_sync_raises_on_api_failure PASSED [  3%]
tests/test_alpaca_executor.py::TestGetPositions::test_get_positions_simulated_empty PASSED [  3%]
tests/test_alpaca_executor.py::TestGetPositions::test_get_positions_simulated_with_data PASSED [  3%]
tests/test_alpaca_executor.py::TestGetPositions::test_get_positions_from_broker PASSED [  4%]
tests/test_alpaca_executor.py::TestPlaceOrder::test_place_order_buy_simulated PASSED [  4%]
tests/test_alpaca_executor.py::TestPlaceOrder::test_place_order_sell_simulated PASSED [  4%]
tests/test_alpaca_executor.py::TestPlaceOrder::test_place_order_via_broker PASSED [  4%]
tests/test_alpaca_executor.py::TestSetStopLoss::test_set_stop_loss_simulated PASSED [  4%]
tests/test_alpaca_executor.py::TestSetStopLoss::test_set_stop_loss_invalid_qty PASSED [  4%]
tests/test_alpaca_executor.py::TestSetStopLoss::test_set_stop_loss_invalid_price PASSED [  4%]
tests/test_alpaca_executor.py::TestPlaceOrderWithStopLoss::test_place_order_with_stop_loss_success PASSED [  4%]
tests/test_alpaca_executor.py::TestPlaceOrderWithStopLoss::test_place_order_with_stop_loss_sell_no_stop PASSED [  4%]
tests/test_alpaca_executor.py::TestPlaceOrderWithStopLoss::test_place_order_with_stop_loss_order_fails PASSED [  4%]
tests/test_alpaca_executor.py::TestPlaceOrderWithStopLoss::test_place_order_with_stop_loss_min_max_bounds PASSED [  4%]
tests/test_alpaca_executor.py::TestEdgeCases::test_zero_quantity_positions PASSED [  4%]
tests/test_alpaca_executor.py::TestEdgeCases::test_simulated_order_realistic_slippage PASSED [  4%]
tests/test_alpaca_executor.py::TestPreTradePatternValidation::test_pattern_check_blocks_losing_strategy SKIPPED [  4%]
tests/test_alpaca_executor.py::TestPreTradePatternValidation::test_pattern_check_allows_winning_strategy PASSED [  4%]
tests/test_alpaca_executor.py::TestPreTradePatternValidation::test_pattern_check_allows_new_strategy PASSED [  4%]
tests/test_alpaca_executor.py::TestPreTradePatternValidation::test_pattern_check_warns_marginal_strategy PASSED [  4%]
tests/test_alpaca_snapshot.py::TestGenerateChart::test_generates_png SKIPPED [  4%]
tests/test_alpaca_snapshot.py::TestGenerateChart::test_positive_change_color SKIPPED [  4%]
tests/test_alpaca_snapshot.py::TestGenerateChart::test_negative_change_color SKIPPED [  4%]
tests/test_alpaca_snapshot.py::TestGenerateChart::test_creates_parent_dirs SKIPPED [  4%]
tests/test_alpaca_snapshot.py::TestFetchAccounts::test_paper_no_credentials PASSED [  4%]
tests/test_alpaca_snapshot.py::TestFetchAccounts::test_brokerage_no_credentials PASSED [  4%]
tests/test_alpaca_snapshot.py::TestConstants::test_chart_colors_are_hex PASSED [  4%]
tests/test_alpaca_snapshot.py::TestConstants::test_starting_capitals PASSED [  4%]
tests/test_alpaca_trader_smoke.py::TestAlpacaTraderImports::test_module_imports PASSED [  5%]
tests/test_alpaca_trader_smoke.py::TestAlpacaTraderImports::test_alpacatrader_class_exists PASSED [  5%]
tests/test_alpaca_trader_smoke.py::TestAlpacaTraderImports::test_alpaca_available_constant PASSED [  5%]
tests/test_alpaca_trader_smoke.py::TestAlpacaTraderExceptions::test_alpacatradererror_exists PASSED [  5%]
tests/test_alpaca_trader_smoke.py::TestAlpacaTraderExceptions::test_orderexecutionerror_exists PASSED [  5%]
tests/test_alpaca_trader_smoke.py::TestAlpacaTraderExceptions::test_accounterror_exists PASSED [  5%]
tests/test_alpaca_trader_smoke.py::TestAlpacaTraderExceptions::test_marketdataerror_exists PASSED [  5%]
tests/test_alpaca_trader_smoke.py::TestAlpacaTraderExceptions::test_exceptions_inherit_from_base PASSED [  5%]
tests/test_alpaca_trader_smoke.py::TestAlpacaTraderExceptions::test_exception_can_be_raised PASSED [  5%]
tests/test_alpaca_trader_smoke.py::TestAlpacaTraderClassConstants::test_tier_allocations_defined PASSED [  5%]
tests/test_alpaca_trader_smoke.py::TestAlpacaTraderClassConstants::test_max_order_multiplier_defined PASSED [  5%]
tests/test_alpaca_trader_smoke.py::TestAlpacaTraderClassConstants::test_tier_allocations_sum_to_one PASSED [  5%]
tests/test_alpaca_trader_smoke.py::TestAlpacaTraderClassMethods::test_has_get_account_info PASSED [  5%]
tests/test_alpaca_trader_smoke.py::TestAlpacaTraderClassMethods::test_has_execute_order PASSED [  5%]
tests/test_alpaca_trader_smoke.py::TestAlpacaTraderClassMethods::test_has_get_positions PASSED [  5%]
tests/test_alpaca_trader_smoke.py::TestAlpacaTraderClassMethods::test_has_get_portfolio_performance PASSED [  5%]
tests/test_alpaca_trader_smoke.py::TestAlpacaTraderClassMethods::test_has_set_stop_loss PASSED [  5%]
tests/test_alpaca_trader_smoke.py::TestAlpacaTraderClassMethods::test_has_set_take_profit PASSED [  5%]
tests/test_alpaca_trader_smoke.py::TestAlpacaTraderClassMethods::test_has_get_historical_bars PASSED [  5%]
tests/test_alpaca_trader_smoke.py::TestAlpacaTraderClassMethods::test_has_cancel_all_orders PASSED [  5%]
tests/test_alpaca_trader_smoke.py::TestAlpacaTraderClassMethods::test_has_close_position PASSED [  5%]
tests/test_alpaca_trader_smoke.py::TestAlpacaTraderClassMethods::test_has_close_all_positions PASSED [  5%]
tests/test_alpaca_trader_smoke.py::TestAlpacaTraderClassMethods::test_has_validate_order_amount PASSED [  5%]
tests/test_alpaca_trader_smoke.py::TestAlpacaTraderClassMethods::test_has_get_current_quote PASSED [  5%]
tests/test_alpaca_trader_smoke.py::TestAlpacaTraderInstantiation::test_init_paper_mode PASSED [  6%]
tests/test_alpaca_trader_smoke.py::TestAlpacaTraderInstantiation::test_init_fails_without_credentials PASSED [  6%]
tests/test_alpaca_trader_smoke.py::TestAlpacaTraderValidation::test_validate_order_amount_passes_normal PASSED [  6%]
tests/test_alpaca_trader_smoke.py::TestAlpacaTraderValidation::test_validate_order_amount_rejects_excessive PASSED [  6%]
tests/test_alpaca_trader_smoke.py::TestAlpacaImportFallback::test_module_loads_without_alpaca PASSED [  6%]
tests/test_alpaca_trader_smoke.py::TestAlpacaImportFallback::test_exception_classes_always_available PASSED [  6%]
tests/test_api_circuit_breaker.py::test_initial_state_is_closed PASSED   [  6%]
tests/test_api_circuit_breaker.py::test_record_success_keeps_closed PASSED [  6%]
tests/test_api_circuit_breaker.py::test_failures_below_threshold_stay_closed PASSED [  6%]
tests/test_api_circuit_breaker.py::test_trips_at_threshold PASSED        [  6%]
tests/test_api_circuit_breaker.py::test_trips_exactly_at_threshold_not_before PASSED [  6%]
tests/test_api_circuit_breaker.py::test_extra_failures_after_trip_do_not_increment_trip_count PASSED [  6%]
tests/test_api_circuit_breaker.py::test_is_open_returns_true_during_cooldown PASSED [  6%]
tests/test_api_circuit_breaker.py::test_check_circuit_breaker_raises_when_open PASSED [  6%]
tests/test_api_circuit_breaker.py::test_check_circuit_breaker_ok_when_closed PASSED [  6%]
tests/test_api_circuit_breaker.py::test_cooldown_expiry_resets_breaker PASSED [  6%]
tests/test_api_circuit_breaker.py::test_cooldown_not_expired_stays_open PASSED [  6%]
tests/test_api_circuit_breaker.py::test_success_resets_failure_counter PASSED [  6%]
tests/test_api_circuit_breaker.py::test_success_clears_open_state PASSED [  6%]
tests/test_api_circuit_breaker.py::test_success_after_cooldown_expiry PASSED [  6%]
tests/test_api_circuit_breaker.py::test_get_status_returns_dataclass PASSED [  6%]
tests/test_api_circuit_breaker.py::test_get_status_reflects_failures PASSED [  6%]
tests/test_api_circuit_breaker.py::test_trip_with_no_trip_time_stays_open PASSED [  6%]
tests/test_api_circuit_breaker.py::test_interleaved_failures_and_successes PASSED [  6%]
tests/test_api_circuit_breaker.py::test_multiple_trips_across_resets PASSED [  6%]
tests/test_api_circuit_breaker.py::test_send_alert_called_on_trip PASSED [  7%]
tests/test_api_circuit_breaker.py::test_send_alert_not_called_below_threshold PASSED [  7%]
tests/test_api_circuit_breaker.py::test_circuit_breaker_open_exception_is_exception PASSED [  7%]
tests/test_api_key_loading.py::TestAlpacaKeyLoading::test_paper_trading_key_preferred PASSED [  7%]
tests/test_api_key_loading.py::TestAlpacaKeyLoading::test_fallback_to_old_keys PASSED [  7%]
tests/test_api_key_loading.py::TestAlpacaKeyLoading::test_missing_keys_returns_none PASSED [  7%]
tests/test_api_key_loading.py::TestPositionNoneHandling::test_none_current_price_uses_entry_price PASSED [  7%]
tests/test_api_key_loading.py::TestPositionNoneHandling::test_all_values_present PASSED [  7%]
tests/test_api_key_loading.py::TestMultiBrokerNoneHandling::test_position_with_none_values PASSED [  7%]
tests/test_audit_agent.py::test_audit_agent_perform_audit PASSED         [  7%]
tests/test_audit_agent.py::test_audit_agent_no_logs PASSED               [  7%]
tests/test_auto_clear_stale_trading_halt.py::test_auto_clear_no_halt_file PASSED [  7%]
tests/test_auto_clear_stale_trading_halt.py::test_auto_clear_clears_stale_halt_when_flat PASSED [  7%]
tests/test_auto_clear_stale_trading_halt.py::test_auto_clear_retains_halt_when_positions_open PASSED [  7%]
tests/test_behavioral_guard.py::TestFOMOCheck::test_large_move_blocks PASSED [  7%]
tests/test_behavioral_guard.py::TestFOMOCheck::test_small_move_allows PASSED [  7%]
tests/test_behavioral_guard.py::TestFOMOCheck::test_negative_large_move_blocks PASSED [  7%]
tests/test_behavioral_guard.py::TestFOMOCheck::test_no_data_fails_open PASSED [  7%]
tests/test_behavioral_guard.py::TestFOMOCheck::test_exactly_at_threshold_blocks PASSED [  7%]
tests/test_behavioral_guard.py::TestStopLossCooling::test_recent_stop_loss_blocks PASSED [  7%]
tests/test_behavioral_guard.py::TestStopLossCooling::test_old_stop_loss_allows PASSED [  7%]
tests/test_behavioral_guard.py::TestStopLossCooling::test_different_expiry_allows PASSED [  7%]
tests/test_behavioral_guard.py::TestStopLossCooling::test_record_and_prune PASSED [  7%]
tests/test_behavioral_guard.py::TestBlacklist::test_blacklisted_ticker_blocked PASSED [  7%]
tests/test_behavioral_guard.py::TestBlacklist::test_spy_not_blacklisted PASSED [  8%]
tests/test_behavioral_guard.py::TestBlacklist::test_blacklisted_option_symbol PASSED [  8%]
tests/test_behavioral_guard.py::TestIntegration::test_clean_trade_passes_all PASSED [  8%]
tests/test_behavioral_guard.py::TestIntegration::test_multiple_rejections PASSED [  8%]
tests/test_blog_seo.py::test_canonical_url_for_post PASSED               [  8%]
tests/test_blog_seo.py::test_canonical_url_for_post_allows_datetime_string PASSED [  8%]
tests/test_blog_seo.py::test_canonical_url_for_post_file PASSED          [  8%]
tests/test_blog_seo.py::test_canonical_url_for_collection_item PASSED    [  8%]
tests/test_blog_seo.py::test_truncate_meta_description_collapses_and_truncates PASSED [  8%]
tests/test_blog_seo.py::test_render_frontmatter_with_questions PASSED    [  8%]
tests/test_blog_seo.py::test_render_frontmatter_rejects_invalid_question PASSED [  8%]
tests/test_box_workspace_mirror.py::test_collect_workspace_files_respects_include_exclude PASSED [  8%]
tests/test_box_workspace_mirror.py::test_build_manifest_entries_contains_sha_and_size PASSED [  8%]
tests/test_browser_automation_pilot.py::test_load_tasks_supports_tasks_wrapper PASSED [  8%]
tests/test_browser_automation_pilot.py::test_local_provider_success PASSED [  8%]
tests/test_browser_automation_pilot.py::test_local_provider_expected_text_failure PASSED [  8%]
tests/test_browser_automation_pilot.py::test_anchor_provider_skips_without_key PASSED [  8%]
tests/test_browser_automation_pilot.py::test_summary_cost_per_success PASSED [  8%]
tests/test_browser_provider_promotion.py::test_recommend_provider_prefers_local_when_anchor_is_expensive PASSED [  8%]
tests/test_browser_provider_promotion.py::test_recommend_provider_can_select_anchor_when_reliable_and_cheap PASSED [  8%]
tests/test_browser_provider_promotion.py::test_recommend_provider_hysteresis_keeps_previous_provider PASSED [  8%]
tests/test_browser_provider_promotion.py::test_load_previous_provider_handles_missing_or_invalid PASSED [  8%]
tests/test_browser_provider_promotion.py::test_load_policy_defaults_when_missing PASSED [  8%]
tests/test_budget_tracker.py::test_track_returns_true_when_under_budget PASSED [  8%]
tests/test_budget_tracker.py::test_track_increments_spent PASSED         [  8%]
tests/test_budget_tracker.py::test_track_accumulates_multiple_calls PASSED [  9%]
tests/test_budget_tracker.py::test_track_uses_default_cost_from_api_costs PASSED [  9%]
tests/test_budget_tracker.py::test_track_unknown_api_defaults_to_0_001 PASSED [  9%]
tests/test_budget_tracker.py::test_track_records_api_call_count PASSED   [  9%]
tests/test_budget_tracker.py::test_track_records_daily_spending PASSED   [  9%]
tests/test_budget_tracker.py::test_track_returns_false_when_budget_exceeded PASSED [  9%]
tests/test_budget_tracker.py::test_track_returns_false_exactly_at_zero_remaining PASSED [  9%]
tests/test_budget_tracker.py::test_health_healthy_when_over_50_pct PASSED [  9%]
tests/test_budget_tracker.py::test_health_caution_between_20_and_50_pct PASSED [  9%]
tests/test_budget_tracker.py::test_health_critical_under_20_pct PASSED   [  9%]
tests/test_budget_tracker.py::test_health_critical_when_overspent PASSED [  9%]
tests/test_budget_tracker.py::test_critical_always_executes PASSED       [  9%]
tests/test_budget_tracker.py::test_high_blocked_only_when_critical PASSED [  9%]
tests/test_budget_tracker.py::test_medium_only_runs_when_healthy PASSED  [  9%]
tests/test_budget_tracker.py::test_low_only_runs_when_healthy PASSED     [  9%]
tests/test_budget_tracker.py::test_get_budget_status_returns_dataclass PASSED [  9%]
tests/test_budget_tracker.py::test_get_budget_status_reflects_spending PASSED [  9%]
tests/test_budget_tracker.py::test_recommended_model_opus_when_healthy PASSED [  9%]
tests/test_budget_tracker.py::test_recommended_model_sonnet_when_caution PASSED [  9%]
tests/test_budget_tracker.py::test_recommended_model_haiku_when_critical PASSED [  9%]
tests/test_budget_tracker.py::test_get_prompt_injection_contains_budget_info PASSED [  9%]
tests/test_budget_tracker.py::test_data_persists_across_instances PASSED [  9%]
tests/test_budget_tracker.py::test_corrupted_file_reinitializes PASSED   [  9%]
tests/test_budget_tracker.py::test_new_month_resets_spending PASSED      [  9%]
tests/test_budget_tracker.py::test_zero_cost_api_does_not_change_spent PASSED [ 10%]
tests/test_budget_tracker.py::test_explicit_zero_cost PASSED             [ 10%]
tests/test_budget_tracker.py::test_module_level_get_tracker_singleton PASSED [ 10%]
tests/test_build_north_star_blocker_report.py::test_compute_report_marks_blocked_for_negative_expectancy_and_cadence_fail PASSED [ 10%]
tests/test_build_north_star_blocker_report.py::test_compute_report_not_blocked_when_gate_is_clean PASSED [ 10%]
tests/test_build_north_star_blocker_report.py::test_render_markdown_contains_absolute_dates_and_history_table PASSED [ 10%]
tests/test_build_rag_query_index.py::test_build_index_filters_tars_artifact_ingest_by_default PASSED [ 10%]
tests/test_build_rag_query_index.py::test_build_index_can_include_tars_artifact_ingest_with_opt_in PASSED [ 10%]
tests/test_build_rag_query_index.py::test_build_index_parses_bold_date_with_colon_inside_markup PASSED [ 10%]
tests/test_build_rag_query_index.py::test_build_index_falls_back_to_filename_date_when_metadata_missing PASSED [ 10%]
tests/test_calculate_win_rate.py::TestCalculateWinRate::test_calculate_stats_no_closed_trades PASSED [ 10%]
tests/test_calculate_win_rate.py::TestCalculateWinRate::test_calculate_stats_with_closed_trades PASSED [ 10%]
tests/test_calculate_win_rate.py::TestCalculateWinRate::test_calculate_stats_all_wins PASSED [ 10%]
tests/test_calculate_win_rate.py::TestCalculateWinRate::test_calculate_stats_breakeven PASSED [ 10%]
tests/test_calculate_win_rate.py::TestTradesFile::test_trades_json_structure PASSED [ 10%]
tests/test_calculate_win_rate.py::TestTradesFile::test_trades_json_has_stats_fields PASSED [ 10%]
tests/test_calculate_win_rate.py::TestAddTrade::test_add_trade_creates_entry PASSED [ 10%]
tests/test_calculate_win_rate.py::TestCloseTrade::test_close_trade_calculates_pnl PASSED [ 10%]
tests/test_calculate_win_rate.py::TestPaperPhaseTracking::test_paper_phase_days_calculated PASSED [ 10%]
tests/test_calculate_win_rate.py::TestPaperPhaseTracking::test_paper_phase_no_start_date PASSED [ 10%]
tests/test_calculate_win_rate.py::TestWinRateThresholds::test_win_rate_below_75_should_reassess PASSED [ 10%]
tests/test_calculate_win_rate.py::TestWinRateThresholds::test_win_rate_75_to_80_marginally_profitable PASSED [ 10%]
tests/test_calculate_win_rate.py::TestWinRateThresholds::test_win_rate_above_80_profitable PASSED [ 10%]
tests/test_calendar_validation.py::test_get_alpaca_client_returns_client PASSED [ 10%]
tests/test_calendar_validation.py::test_get_alpaca_client_live_mode PASSED [ 10%]
tests/test_calendar_validation.py::test_get_alpaca_client_raises_on_empty_credentials PASSED [ 11%]
tests/test_calendar_validation.py::test_get_alpaca_client_raises_on_none_credentials PASSED [ 11%]
tests/test_calendar_validation.py::test_is_trading_day_true_when_calendar_returns_entry PASSED [ 11%]
tests/test_calendar_validation.py::test_is_trading_day_false_when_calendar_empty PASSED [ 11%]
tests/test_calendar_validation.py::test_is_trading_day_fallback_weekday_on_api_error PASSED [ 11%]
tests/test_calendar_validation.py::test_is_trading_day_passes_correct_date_string PASSED [ 11%]
tests/test_calendar_validation.py::test_get_next_trading_day_returns_same_day_if_trading PASSED [ 11%]
tests/test_calendar_validation.py::test_get_next_trading_day_skips_weekend PASSED [ 11%]
tests/test_calendar_validation.py::test_get_next_trading_day_defaults_to_now PASSED [ 11%]
tests/test_calendar_validation.py::test_get_next_trading_day_raises_after_max_days PASSED [ 11%]
tests/test_calendar_validation.py::test_validate_schedule_time_no_adjustment_needed PASSED [ 11%]
tests/test_calendar_validation.py::test_validate_schedule_time_adjusts_to_next_trading_day PASSED [ 11%]
tests/test_calendar_validation.py::test_validate_schedule_time_preserves_hour_minute_second PASSED [ 11%]
tests/test_calendar_validation.py::test_is_trading_day_all_weekdays PASSED [ 11%]
tests/test_calendar_validation.py::test_get_next_trading_day_holiday_on_friday PASSED [ 11%]
tests/test_calendar_validation.py::test_get_alpaca_client_paper_case_insensitive PASSED [ 11%]
tests/test_cancel_stale_orders.py::TestCancelStaleOrders::test_max_order_age_is_zero_cancel_all PASSED [ 11%]
tests/test_cancel_stale_orders.py::TestCancelStaleOrders::test_stale_order_detection PASSED [ 11%]
tests/test_cancel_stale_orders.py::TestCancelStaleOrders::test_fresh_order_not_cancelled PASSED [ 11%]
tests/test_cancel_stale_orders.py::TestCancelStaleOrders::test_returns_zero_on_no_orders PASSED [ 11%]
tests/test_cancel_stale_orders.py::TestBuyingPowerMath::test_csp_collateral_calculation PASSED [ 11%]
tests/test_cancel_stale_orders.py::TestBuyingPowerMath::test_max_positions_for_5k_account PASSED [ 11%]
tests/test_capture_trading_screenshots.py::test_resolve_paper_credentials_prefers_paper_specific_keys PASSED [ 11%]
tests/test_capture_trading_screenshots.py::test_resolve_live_credentials_prefers_brokerage_keys PASSED [ 11%]
tests/test_capture_trading_screenshots.py::test_resolve_credentials_falls_back_to_generic_keys PASSED [ 12%]
tests/test_capture_trading_screenshots.py::test_build_financial_technical_summary_includes_financial_terms PASSED [ 12%]
tests/test_check_ai_discoverability.py::test_collect_metrics_happy_path PASSED [ 12%]
tests/test_check_ai_discoverability.py::test_collect_metrics_fails_when_critical_assets_missing PASSED [ 12%]
tests/test_ci_runner_wiring.py::test_ci_workflow_uses_watchdog_runner_script PASSED [ 12%]
tests/test_ci_runner_wiring.py::test_ci_runner_script_exists_and_has_valid_bash_syntax PASSED [ 12%]
tests/test_ci_runner_wiring.py::test_ci_runner_script_has_timeout_and_coverage_controls PASSED [ 12%]
tests/test_claudemd_compliance.py::TestClaudeMdCompliance::test_only_spy_tickers_in_workflow PASSED [ 12%]
tests/test_claudemd_compliance.py::TestClaudeMdCompliance::test_no_naked_puts_in_workflow PASSED [ 12%]
tests/test_claudemd_compliance.py::TestClaudeMdCompliance::test_conflicting_traders_disabled PASSED [ 12%]
tests/test_claudemd_compliance.py::TestClaudeMdCompliance::test_iron_condor_trader_is_primary PASSED [ 12%]
tests/test_claudemd_compliance.py::TestClaudeMdCompliance::test_position_limit_compliance XFAIL [ 12%]
tests/test_claudemd_compliance.py::TestClaudeMdCompliance::test_positions_are_spy_only XPASS [ 12%]
tests/test_claudemd_compliance.py::TestClaudeMdCompliance::test_no_individual_stocks_in_positions XPASS [ 12%]
tests/test_claudemd_compliance.py::TestClaudeMdCompliance::test_5pct_position_limit XPASS [ 12%]
tests/test_claudemd_compliance.py::TestWorkflowTickerCompliance::test_no_sofi_defaults_in_workflows PASSED [ 12%]
tests/test_claudemd_compliance.py::TestWorkflowTickerCompliance::test_workflows_have_ticker_validation PASSED [ 12%]
tests/test_claudemd_compliance.py::TestStrategyDocumentation::test_claudemd_exists PASSED [ 12%]
tests/test_claudemd_compliance.py::TestStrategyDocumentation::test_claudemd_has_strategy_section PASSED [ 12%]
tests/test_claudemd_compliance.py::TestStrategyDocumentation::test_claudemd_has_iron_condor_strategy PASSED [ 12%]
tests/test_claudemd_compliance.py::TestStrategyDocumentation::test_claudemd_has_position_limit PASSED [ 12%]
tests/test_codex_notify_rlhf_bridge.py::test_parse_notify_payload_reads_json_from_last_argument PASSED [ 12%]
tests/test_codex_notify_rlhf_bridge.py::test_extract_messages_from_payload PASSED [ 12%]
tests/test_codex_notify_rlhf_bridge.py::test_detect_feedback_signal_explicit_and_implicit PASSED [ 12%]
tests/test_codex_notify_rlhf_bridge.py::test_process_payload_writes_state_and_runs_pipeline PASSED [ 13%]
tests/test_codex_notify_rlhf_bridge.py::test_process_payload_is_idempotent_per_event_key PASSED [ 13%]
tests/test_codex_notify_rlhf_bridge.py::test_thompson_report_reflects_model_delta PASSED [ 13%]
tests/test_compare_100k_vs_5k.py::TestCompare100kVs5k::test_analyze_100k_patterns_with_options PASSED [ 13%]
tests/test_compare_100k_vs_5k.py::TestCompare100kVs5k::test_analyze_100k_patterns_empty PASSED [ 13%]
tests/test_compare_100k_vs_5k.py::TestCompare100kVs5k::test_load_current_state_missing_file PASSED [ 13%]
tests/test_compare_100k_vs_5k.py::TestCompare100kVs5k::test_strategy_alignment_check PASSED [ 13%]
tests/test_compare_100k_vs_5k.py::TestEdgeCases::test_malformed_option_symbol PASSED [ 13%]
tests/test_compare_100k_vs_5k.py::TestEdgeCases::test_missing_fields_in_trade PASSED [ 13%]
tests/test_compliance_audit.py::test_detects_explicit_bypass_language PASSED [ 13%]
tests/test_compliance_audit.py::test_detects_manual_trade_override_language PASSED [ 13%]
tests/test_compliance_audit.py::test_avoids_known_false_positives PASSED [ 13%]
tests/test_consolidate_memory.py::TestIsNoise::test_unknown_decision_is_noise PASSED [ 13%]
tests/test_consolidate_memory.py::TestIsNoise::test_undefined_decision_is_noise PASSED [ 13%]
tests/test_consolidate_memory.py::TestIsNoise::test_real_principle_not_noise PASSED [ 13%]
tests/test_consolidate_memory.py::TestIsNoise::test_noise_pattern_with_rich_context_not_noise PASSED [ 13%]
tests/test_consolidate_memory.py::TestIsNoise::test_empty_entry_not_noise PASSED [ 13%]
tests/test_consolidate_memory.py::TestClassifyCell::test_risk_classification PASSED [ 13%]
tests/test_consolidate_memory.py::TestClassifyCell::test_decision_classification PASSED [ 13%]
tests/test_consolidate_memory.py::TestClassifyCell::test_preference_classification PASSED [ 13%]
tests/test_consolidate_memory.py::TestClassifyCell::test_plan_classification PASSED [ 13%]
tests/test_consolidate_memory.py::TestClassifyCell::test_task_classification PASSED [ 13%]
tests/test_consolidate_memory.py::TestClassifyCell::test_default_fact PASSED [ 13%]
tests/test_consolidate_memory.py::TestComputeSalience::test_baseline_salience PASSED [ 13%]
tests/test_consolidate_memory.py::TestComputeSalience::test_intensity_boost PASSED [ 13%]
tests/test_consolidate_memory.py::TestComputeSalience::test_rich_context_boost PASSED [ 14%]
tests/test_consolidate_memory.py::TestComputeSalience::test_critical_signal_boost PASSED [ 14%]
tests/test_consolidate_memory.py::TestComputeSalience::test_salience_capped_at_1 PASSED [ 14%]
tests/test_consolidate_memory.py::TestExtractDateKey::test_iso_format PASSED [ 14%]
tests/test_consolidate_memory.py::TestExtractDateKey::test_iso_with_microseconds PASSED [ 14%]
tests/test_consolidate_memory.py::TestExtractDateKey::test_empty_string PASSED [ 14%]
tests/test_consolidate_memory.py::TestExtractDateKey::test_short_string PASSED [ 14%]
tests/test_consolidate_memory.py::TestExtractDateKey::test_plain_date PASSED [ 14%]
tests/test_consolidate_memory.py::TestLoadJsonl::test_load_valid_file PASSED [ 14%]
tests/test_consolidate_memory.py::TestLoadJsonl::test_skip_malformed_lines PASSED [ 14%]
tests/test_consolidate_memory.py::TestLoadJsonl::test_nonexistent_file PASSED [ 14%]
tests/test_consolidate_memory.py::TestLoadJsonl::test_empty_file PASSED  [ 14%]
tests/test_consolidate_memory.py::TestConsolidateScene::test_basic_scene PASSED [ 14%]
tests/test_consolidate_memory.py::TestConsolidateScene::test_noise_filtering_in_scene PASSED [ 14%]
tests/test_consolidate_memory.py::TestConsolidateScene::test_session_json_filtered PASSED [ 14%]
tests/test_consolidate_memory.py::TestConsolidateScene::test_empty_scene PASSED [ 14%]
tests/test_consolidate_memory.py::TestConsolidateScene::test_dedup_contexts PASSED [ 14%]
tests/test_context_bundle_engine.py::test_build_index_and_super_retrieve PASSED [ 14%]
tests/test_context_bundle_engine.py::test_super_retrieve_builds_index_if_missing PASSED [ 14%]
tests/test_core_strategy.py::TestCoreStrategyParameters::test_take_profit_is_six_percent PASSED [ 14%]
tests/test_core_strategy.py::TestCoreStrategyParameters::test_stop_loss_is_two_percent PASSED [ 14%]
tests/test_core_strategy.py::TestCoreStrategyParameters::test_rr_ratio_is_three_to_one PASSED [ 14%]
tests/test_core_strategy.py::TestCoreStrategyParameters::test_positive_expectancy_at_thirty_percent_win_rate PASSED [ 14%]
tests/test_core_strategy.py::TestCoreStrategyParameters::test_breakeven_at_twentyfive_percent_win_rate PASSED [ 14%]
tests/test_core_strategy.py::TestMACDCalculation::test_macd_returns_three_values PASSED [ 15%]
tests/test_core_strategy.py::TestMACDCalculation::test_macd_histogram_equals_macd_minus_signal PASSED [ 15%]
tests/test_core_strategy.py::TestMACDCalculation::test_signal_line_not_simple_multiplier PASSED [ 15%]
tests/test_core_strategy.py::TestMACDCalculation::test_macd_with_uptrend_data PASSED [ 15%]
tests/test_core_strategy.py::TestMACDCalculation::test_macd_with_downtrend_data PASSED [ 15%]
tests/test_core_strategy.py::TestCoreStrategyInitialization::test_default_universe PASSED [ 15%]
tests/test_core_strategy.py::TestCoreStrategyInitialization::test_custom_universe PASSED [ 15%]
tests/test_core_strategy.py::TestCoreStrategyInitialization::test_paper_mode_default PASSED [ 15%]
tests/test_core_strategy.py::TestCoreStrategyInitialization::test_macd_parameters PASSED [ 15%]
tests/test_core_strategy.py::TestStrategyName::test_strategy_name PASSED [ 15%]
tests/test_core_strategy.py::TestStrategyName::test_get_config_returns_dict PASSED [ 15%]
tests/test_daily_blog_post.py::TestCalculateDayNumber::test_calculate_day_number_from_system_state PASSED [ 15%]
tests/test_daily_blog_post.py::TestCalculateDayNumber::test_calculate_day_number_correct_for_jan_6_2026 PASSED [ 15%]
tests/test_daily_blog_post.py::TestCalculateDayNumber::test_calculate_day_number_fallback PASSED [ 15%]
tests/test_daily_blog_post.py::TestUpdateIndexDayNumber::test_update_index_day_number_changes_content PASSED [ 15%]
tests/test_daily_blog_post.py::TestUpdateIndexDayNumber::test_update_index_day_number_no_change_if_same PASSED [ 15%]
tests/test_daily_blog_post.py::TestGenerateDailyBlogPostIntegration::test_script_imports PASSED [ 15%]
tests/test_daily_blog_post.py::TestGenerateDailyBlogPostIntegration::test_day_number_consistency PASSED [ 15%]
tests/test_daily_blog_snapshot_evidence.py::test_generate_alpaca_visual_evidence_section_has_pairing_defaults PASSED [ 15%]
tests/test_daily_voo_dca.py::TestGetBrokerageCredentials::test_returns_credentials_when_set PASSED [ 15%]
tests/test_daily_voo_dca.py::TestGetBrokerageCredentials::test_returns_none_when_not_set PASSED [ 15%]
tests/test_daily_voo_dca.py::TestGetBrokerageClient::test_returns_none_without_credentials PASSED [ 15%]
tests/test_daily_voo_dca.py::TestGetBrokerageClient::test_creates_client_with_paper_false PASSED [ 15%]
tests/test_daily_voo_dca.py::TestDailyVooDca::test_script_imports PASSED [ 15%]
tests/test_daily_voo_dca.py::TestDailyVooDca::test_buy_fractional_returns_skip_for_low_amount PASSED [ 15%]
tests/test_daily_voo_dca.py::TestDailyVooDca::test_buy_fractional_dry_run_returns_details PASSED [ 16%]
tests/test_dashboard_none_handling.py::TestDashboardNoneHandling::test_none_or_zero_pattern PASSED [ 16%]
tests/test_dashboard_none_handling.py::TestDashboardNoneHandling::test_none_format_string_would_fail PASSED [ 16%]
tests/test_dashboard_none_handling.py::TestDashboardNoneHandling::test_fixed_format_string_works PASSED [ 16%]
tests/test_dashboard_none_handling.py::TestDashboardNoneHandling::test_risk_metrics_none_values PASSED [ 16%]
tests/test_dashboard_none_handling.py::TestDashboardNoneHandling::test_execution_metrics_none_handling PASSED [ 16%]
tests/test_dashboard_none_handling.py::TestDashboardNoneHandling::test_predictive_metrics_none_handling PASSED [ 16%]
tests/test_dashboard_none_handling.py::TestDashboardNoneHandling::test_benchmark_metrics_none_handling PASSED [ 16%]
tests/test_dashboard_none_handling.py::TestDashboardNoneHandling::test_ai_insights_none_handling PASSED [ 16%]
tests/test_dashboard_none_handling.py::TestDashboardSmokeTest::test_dashboard_script_imports PASSED [ 16%]
tests/test_dashboard_none_handling.py::TestDashboardSmokeTest::test_calculate_simple_risk_metrics_empty_input PASSED [ 16%]
tests/test_dashboard_none_handling.py::TestDashboardSmokeTest::test_calculate_simple_risk_metrics_minimal_input PASSED [ 16%]
tests/test_dashboard_none_handling.py::TestDashboardSmokeTest::test_dashboard_generation_completes PASSED [ 16%]
tests/test_decision_trace.py::TestDecisionTrace::test_trace_has_required_fields PASSED [ 16%]
tests/test_decision_trace.py::TestDecisionTrace::test_trace_is_serializable PASSED [ 16%]
tests/test_decision_trace.py::TestDecisionTrace::test_trace_captures_strike_selection PASSED [ 16%]
tests/test_decision_trace.py::TestDecisionTrace::test_trace_survives_import_failures PASSED [ 16%]
tests/test_decision_trace.py::TestDecisionTrace::test_trace_included_in_trade_record PASSED [ 16%]
tests/test_decision_trace.py::TestDecisionTrace::test_trace_timestamp_is_recent PASSED [ 16%]
tests/test_decision_trace.py::TestDecisionTrace::test_precedent_query_includes_ticker_and_dte PASSED [ 16%]
tests/test_distributed_feedback.py::test_aggregate_feedback_single_process_applies_once PASSED [ 16%]
tests/test_distributed_feedback.py::test_aggregate_feedback_distributed_rank_zero_applies_global_sum PASSED [ 16%]
tests/test_distributed_feedback.py::test_aggregate_feedback_distributed_non_zero_rank_no_file_writes PASSED [ 16%]
tests/test_document_aware_rag.py::TestDocumentAwareRAG::test_import_module PASSED [ 16%]
tests/test_document_aware_rag.py::TestDocumentAwareRAG::test_singleton_instance PASSED [ 17%]
tests/test_document_aware_rag.py::TestDocumentAwareRAG::test_search_result_dataclass PASSED [ 17%]
tests/test_document_aware_rag.py::TestDocumentAwareRAG::test_document_section_dataclass PASSED [ 17%]
tests/test_document_aware_rag.py::TestDocumentAwareRAG::test_classify_section_type PASSED [ 17%]
tests/test_document_aware_rag.py::TestDocumentAwareRAG::test_extract_sections PASSED [ 17%]
tests/test_document_aware_rag.py::TestDocumentAwareRAG::test_metadata_extraction PASSED [ 17%]
tests/test_document_aware_rag.py::TestDocumentAwareRAG::test_search_integration SKIPPED [ 17%]
tests/test_document_aware_rag.py::TestDocumentAwareRAG::test_complex_query SKIPPED [ 17%]
tests/test_document_aware_rag.py::TestVectorFlattening::test_flatten_for_embedding_basic PASSED [ 17%]
tests/test_document_aware_rag.py::TestVectorFlattening::test_flatten_for_embedding_with_strategies PASSED [ 17%]
tests/test_document_aware_rag.py::TestVectorFlattening::test_flatten_for_embedding_empty_metadata PASSED [ 17%]
tests/test_document_aware_rag.py::TestVectorFlattening::test_flatten_for_embedding_json_strategies PASSED [ 17%]
tests/test_document_aware_rag.py::TestVectorFlattening::test_generate_flattened_text PASSED [ 17%]
tests/test_document_aware_rag.py::TestVectorFlatteningBenchmark::test_flattening_improves_keyword_density PASSED [ 17%]
tests/test_document_aware_rag.py::TestVectorFlatteningBenchmark::test_flattening_preserves_semantic_content PASSED [ 17%]
tests/test_document_aware_rag.py::TestVectorFlatteningBenchmark::test_benchmark_query_relevance SKIPPED [ 17%]
tests/test_execute_options_trade.py::TestIVPercentile::test_iv_percentile_high_returns_sell_premium PASSED [ 17%]
tests/test_execute_options_trade.py::TestIVPercentile::test_iv_percentile_insufficient_data_returns_neutral PASSED [ 17%]
tests/test_execute_options_trade.py::TestIVPercentile::test_iv_percentile_api_failure_returns_neutral PASSED [ 17%]
tests/test_execute_options_trade.py::TestIVPercentile::test_min_iv_percentile_for_selling_is_50 PASSED [ 17%]
tests/test_execute_options_trade.py::TestTrendFilter::test_strong_downtrend_blocks_puts PASSED [ 17%]
tests/test_execute_options_trade.py::TestTrendFilter::test_uptrend_allows_puts PASSED [ 17%]
tests/test_execute_options_trade.py::TestTrendFilter::test_trend_filter_api_failure_defaults_proceed PASSED [ 17%]
tests/test_execute_options_trade.py::TestTradierFallback::test_tradier_fallback_returns_no_fallback PASSED [ 17%]
tests/test_execute_options_trade.py::TestGetAccountInfo::test_get_account_info_extracts_values PASSED [ 17%]
tests/test_execute_options_trade.py::TestExecuteCashSecuredPut::test_dry_run_returns_dry_run_status PASSED [ 18%]
tests/test_execute_options_trade.py::TestExecuteCashSecuredPut::test_low_iv_blocks_trade PASSED [ 18%]
tests/test_execute_options_trade.py::TestExecuteCashSecuredPut::test_strong_downtrend_blocks_trade PASSED [ 18%]
tests/test_execute_options_trade.py::TestExecuteCoveredCall::test_no_position_returns_no_trade PASSED [ 18%]
tests/test_execute_options_trade.py::TestExecuteCoveredCall::test_insufficient_shares_returns_no_trade PASSED [ 18%]
tests/test_expiry_concentration.py::TestExpiryConcentration::test_no_positions_passes PASSED [ 18%]
tests/test_expiry_concentration.py::TestExpiryConcentration::test_all_same_week_with_3_ics_blocked PASSED [ 18%]
tests/test_expiry_concentration.py::TestExpiryConcentration::test_spread_across_weeks_passes PASSED [ 18%]
tests/test_expiry_concentration.py::TestExpiryConcentration::test_two_of_three_in_same_week_passes PASSED [ 18%]
tests/test_expiry_concentration.py::TestExpiryConcentration::test_exactly_at_threshold PASSED [ 18%]
tests/test_expiry_concentration.py::TestExpiryConcentration::test_one_ic_never_blocked PASSED [ 18%]
tests/test_expiry_concentration.py::TestExpiryConcentration::test_iso_week_groups_fri_and_wed_same_week PASSED [ 18%]
tests/test_feature_flags.py::TestFeatureFlagsDefaults::test_reit_disabled_by_default PASSED [ 18%]
tests/test_feature_flags.py::TestFeatureFlagsDefaults::test_precious_metals_disabled_by_default PASSED [ 18%]
tests/test_feature_flags.py::TestFeatureFlagsDefaults::test_prediction_always_disabled PASSED [ 18%]
tests/test_feature_flags.py::TestFeatureFlagsEnvOverride::test_reit_enabled_via_env[1] PASSED [ 18%]
tests/test_feature_flags.py::TestFeatureFlagsEnvOverride::test_reit_enabled_via_env[true] PASSED [ 18%]
tests/test_feature_flags.py::TestFeatureFlagsEnvOverride::test_reit_enabled_via_env[True] PASSED [ 18%]
tests/test_feature_flags.py::TestFeatureFlagsEnvOverride::test_reit_enabled_via_env[TRUE] PASSED [ 18%]
tests/test_feature_flags.py::TestFeatureFlagsEnvOverride::test_reit_enabled_via_env[yes] PASSED [ 18%]
tests/test_feature_flags.py::TestFeatureFlagsEnvOverride::test_reit_enabled_via_env[Yes] PASSED [ 18%]
tests/test_feature_flags.py::TestFeatureFlagsEnvOverride::test_reit_enabled_via_env[YES] PASSED [ 18%]
tests/test_feature_flags.py::TestFeatureFlagsEnvOverride::test_reit_disabled_via_env[0] PASSED [ 18%]
tests/test_feature_flags.py::TestFeatureFlagsEnvOverride::test_reit_disabled_via_env[false] PASSED [ 18%]
tests/test_feature_flags.py::TestFeatureFlagsEnvOverride::test_reit_disabled_via_env[False] PASSED [ 19%]
tests/test_feature_flags.py::TestFeatureFlagsEnvOverride::test_reit_disabled_via_env[FALSE] PASSED [ 19%]
tests/test_feature_flags.py::TestFeatureFlagsEnvOverride::test_reit_disabled_via_env[no] PASSED [ 19%]
tests/test_feature_flags.py::TestFeatureFlagsEnvOverride::test_reit_disabled_via_env[No] PASSED [ 19%]
tests/test_feature_flags.py::TestFeatureFlagsEnvOverride::test_reit_disabled_via_env[NO] PASSED [ 19%]
tests/test_feature_flags.py::TestFeatureFlagsEnvOverride::test_reit_disabled_via_env[] PASSED [ 19%]
tests/test_feature_flags.py::TestFeatureFlagsEnvOverride::test_precious_metals_enabled_via_env[1] PASSED [ 19%]
tests/test_feature_flags.py::TestFeatureFlagsEnvOverride::test_precious_metals_enabled_via_env[true] PASSED [ 19%]
tests/test_feature_flags.py::TestFeatureFlagsEnvOverride::test_precious_metals_enabled_via_env[True] PASSED [ 19%]
tests/test_feature_flags.py::TestFeatureFlagsEnvOverride::test_precious_metals_enabled_via_env[TRUE] PASSED [ 19%]
tests/test_feature_flags.py::TestFeatureFlagsEnvOverride::test_precious_metals_enabled_via_env[yes] PASSED [ 19%]
tests/test_feature_flags.py::TestFeatureFlagsEnvOverride::test_precious_metals_enabled_via_env[Yes] PASSED [ 19%]
tests/test_feature_flags.py::TestFeatureFlagsEnvOverride::test_precious_metals_enabled_via_env[YES] PASSED [ 19%]
tests/test_feature_flags.py::TestFeatureFlagsIntegration::test_reit_disabled_prevents_trades PASSED [ 19%]
tests/test_feature_flags.py::TestFeatureFlagsIntegration::test_feature_flag_env_var_names PASSED [ 19%]
tests/test_fetch_model_pricing.py::TestPricingCache::test_cache_stores_and_retrieves_pricing PASSED [ 19%]
tests/test_fetch_model_pricing.py::TestPricingCache::test_cache_expires_after_24_hours PASSED [ 19%]
tests/test_fetch_model_pricing.py::TestPricingCache::test_cache_handles_missing_file PASSED [ 19%]
tests/test_fetch_model_pricing.py::TestPricingCache::test_cache_handles_corrupted_file PASSED [ 19%]
tests/test_fetch_model_pricing.py::TestPricingSource::test_openrouter_source_fetches_pricing PASSED [ 19%]
tests/test_fetch_model_pricing.py::TestPricingSource::test_openrouter_handles_api_errors PASSED [ 19%]
tests/test_fetch_model_pricing.py::TestPricingSource::test_openrouter_handles_model_not_found PASSED [ 19%]
tests/test_fetch_model_pricing.py::TestPricingSource::test_fallback_source_provides_defaults PASSED [ 19%]
tests/test_fetch_model_pricing.py::TestPricingSource::test_fallback_handles_unknown_models PASSED [ 19%]
tests/test_fetch_model_pricing.py::TestModelPricingFetcher::test_fetcher_tries_cache_first PASSED [ 19%]
tests/test_fetch_model_pricing.py::TestModelPricingFetcher::test_fetcher_falls_back_on_api_failure PASSED [ 20%]
tests/test_fetch_model_pricing.py::TestModelPricingFetcher::test_fetcher_caches_api_results PASSED [ 20%]
tests/test_fetch_model_pricing.py::TestShellIntegration::test_fetch_pricing_for_shell_outputs_env_vars PASSED [ 20%]
tests/test_fetch_model_pricing.py::TestShellIntegration::test_fetch_pricing_for_shell_handles_errors PASSED [ 20%]
tests/test_fetch_model_pricing.py::TestEndToEnd::test_real_openrouter_api_call PASSED [ 20%]
tests/test_fetch_model_pricing.py::TestEndToEnd::test_cli_script_execution PASSED [ 20%]
tests/test_fetch_model_pricing.py::test_pricing_values_are_reasonable PASSED [ 20%]
tests/test_fix_blog_posts_for_lint.py::test_fix_post_makes_lint_pass PASSED [ 20%]
tests/test_fix_blog_posts_for_lint.py::test_fix_post_is_idempotent PASSED [ 20%]
tests/test_fix_blog_posts_for_lint.py::test_existing_answer_block_quote_gets_heading PASSED [ 20%]
tests/test_generate_dashboard_snapshot.py::test_generate_snapshot_contains_answer_block_and_evidence PASSED [ 20%]
tests/test_generate_dashboard_snapshot.py::test_generate_snapshot_is_idempotent PASSED [ 20%]
tests/test_generate_judge_demo_page.py::test_snapshot_html_uses_defaults_when_manifest_missing PASSED [ 20%]
tests/test_generate_judge_demo_page.py::test_snapshot_html_uses_manifest_urls PASSED [ 20%]
tests/test_generate_llms_manifest.py::test_generate_manifests_indexes_site_and_repo_content PASSED [ 20%]
tests/test_generate_llms_manifest.py::test_write_if_changed_check_mode_is_non_destructive PASSED [ 20%]
tests/test_generate_ops_status_page.py::test_normalize_metric_rows_overrides_conflicting_values PASSED [ 20%]
tests/test_generate_profit_readiness_scorecard.py::test_scorecard_includes_expectancy_metrics_from_trades PASSED [ 20%]
tests/test_generate_profit_readiness_scorecard.py::test_scorecard_expectancy_fallback_from_system_state PASSED [ 20%]
tests/test_generate_world_class_dashboard_snapshots.py::test_build_alpaca_snapshot_markdown_includes_manifest_values PASSED [ 20%]
tests/test_github_pages_links.py::TestGitHubPagesLinkValidator::test_jekyll_templates_use_relative_url PASSED [ 20%]
tests/test_github_pages_links.py::TestGitHubPagesLinkValidator::test_no_errors_on_validation PASSED [ 20%]
tests/test_github_pages_links.py::TestGitHubPagesLinkValidator::test_index_md_has_relative_url_on_lesson_links PASSED [ 20%]
tests/test_github_pages_links.py::TestGitHubPagesLinkValidator::test_lessons_md_has_relative_url SKIPPED [ 20%]
tests/test_github_pages_links.py::TestRegressionPrevention::test_baseurl_configured_in_config PASSED [ 21%]
tests/test_github_pages_links.py::TestRegressionPrevention::test_url_configured_in_config PASSED [ 21%]
tests/test_grpo_trade_learner.py::TestTradeFeatures::test_to_array_shape_and_dtype PASSED [ 21%]
tests/test_grpo_trade_learner.py::TestTradeFeatures::test_to_array_normalization PASSED [ 21%]
tests/test_grpo_trade_learner.py::TestTradeFeatures::test_to_array_returns_scaling PASSED [ 21%]
tests/test_grpo_trade_learner.py::TestTradeParams::test_to_dict_keys PASSED [ 21%]
tests/test_grpo_trade_learner.py::TestTradeParams::test_to_dict_rounding PASSED [ 21%]
tests/test_grpo_trade_learner.py::TestTradeRecord::test_to_dict_has_required_fields PASSED [ 21%]
tests/test_grpo_trade_learner.py::TestTradeRecord::test_to_dict_timestamp_iso PASSED [ 21%]
tests/test_grpo_trade_learner.py::TestGRPOTradeLearnerInit::test_init_without_torch PASSED [ 21%]
tests/test_grpo_trade_learner.py::TestGRPOTradeLearnerInit::test_fallback_params_set PASSED [ 21%]
tests/test_grpo_trade_learner.py::TestGRPOTradeLearnerInit::test_custom_hyperparams PASSED [ 21%]
tests/test_grpo_trade_learner.py::TestCalculateRewards::test_empty_history PASSED [ 21%]
tests/test_grpo_trade_learner.py::TestCalculateRewards::test_single_trade PASSED [ 21%]
tests/test_grpo_trade_learner.py::TestCalculateRewards::test_group_relative_normalization PASSED [ 21%]
tests/test_grpo_trade_learner.py::TestCalculateRewards::test_rewards_clipped_to_bounds PASSED [ 21%]
tests/test_grpo_trade_learner.py::TestCalculateRewards::test_zero_std_no_division_error PASSED [ 21%]
tests/test_grpo_trade_learner.py::TestLoadTradeHistory::test_missing_file_returns_zero PASSED [ 21%]
tests/test_grpo_trade_learner.py::TestLoadTradeHistory::test_malformed_json_returns_zero PASSED [ 21%]
tests/test_grpo_trade_learner.py::TestLoadTradeHistory::test_empty_trade_history PASSED [ 21%]
tests/test_grpo_trade_learner.py::TestLoadTradeHistory::test_loads_option_trades PASSED [ 21%]
tests/test_grpo_trade_learner.py::TestLoadTradeHistory::test_skips_null_symbol PASSED [ 21%]
tests/test_grpo_trade_learner.py::TestLoadTradeHistory::test_skips_trades_without_filled_at PASSED [ 21%]
tests/test_grpo_trade_learner.py::TestProcessRawTrades::test_sell_credit_buy_debit PASSED [ 21%]
tests/test_grpo_trade_learner.py::TestProcessRawTrades::test_loss_outcome PASSED [ 21%]
tests/test_grpo_trade_learner.py::TestProcessRawTrades::test_non_option_trades_ignored PASSED [ 22%]
tests/test_grpo_trade_learner.py::TestProcessRawTrades::test_groups_trades_by_date PASSED [ 22%]
tests/test_grpo_trade_learner.py::TestPredictOptimalParams::test_fallback_without_torch PASSED [ 22%]
tests/test_grpo_trade_learner.py::TestPredictOptimalParams::test_predict_with_none_features_uses_defaults PASSED [ 22%]
tests/test_grpo_trade_learner.py::TestTrainPolicy::test_train_without_torch PASSED [ 22%]
tests/test_grpo_trade_learner.py::TestTrainPolicy::test_train_insufficient_trades PASSED [ 22%]
tests/test_grpo_trade_learner.py::TestGetLearningSummary::test_no_history PASSED [ 22%]
tests/test_grpo_trade_learner.py::TestGetLearningSummary::test_summary_with_trades PASSED [ 22%]
tests/test_grpo_trade_learner.py::TestGetLearningSummary::test_summary_all_wins PASSED [ 22%]
tests/test_grpo_trade_learner.py::TestGetLearningSummary::test_summary_all_losses PASSED [ 22%]
tests/test_grpo_trade_learner.py::TestModelPersistence::test_save_without_torch_writes_metadata PASSED [ 22%]
tests/test_grpo_trade_learner.py::TestModelPersistence::test_load_model_no_file PASSED [ 22%]
tests/test_grpo_trade_learner.py::TestModelPersistence::test_load_model_without_torch PASSED [ 22%]
tests/test_grpo_trade_learner.py::TestGetOptimalTradeParams::test_returns_trade_params PASSED [ 22%]
tests/test_grpo_trade_learner.py::TestGetOptimalTradeParams::test_with_explicit_features PASSED [ 22%]
tests/test_grpo_trade_learner.py::TestEstimateFeatures::test_extracts_hour PASSED [ 22%]
tests/test_grpo_trade_learner.py::TestEstimateFeatures::test_extracts_day_of_week PASSED [ 22%]
tests/test_grpo_trade_learner.py::TestEstimateFeatures::test_extracts_dte_from_symbol PASSED [ 22%]
tests/test_grpo_trade_learner.py::TestEstimateFeatures::test_defaults_on_short_timestamp PASSED [ 22%]
tests/test_grpo_trade_learner.py::TestEstimateParams::test_delta_estimation_far_otm PASSED [ 22%]
tests/test_grpo_trade_learner.py::TestEstimateParams::test_delta_estimation_close_otm PASSED [ 22%]
tests/test_grpo_trade_learner.py::TestEstimateParams::test_defaults_on_unparseable_symbol PASSED [ 22%]
tests/test_gsd_pipeline_wiring.py::test_settings_routes_session_start_to_gsd_pipeline PASSED [ 22%]
tests/test_gsd_pipeline_wiring.py::test_settings_routes_user_prompt_submit_to_gsd_pipeline PASSED [ 22%]
tests/test_gsd_pipeline_wiring.py::test_settings_routes_pre_tool_use_to_gsd_pipeline PASSED [ 23%]
tests/test_gsd_pipeline_wiring.py::test_gsd_pipeline_script_exists_and_is_valid_bash PASSED [ 23%]
tests/test_guaranteed_trader_rag.py::TestRAGBlockingLogic::test_ci_lesson_does_not_block_trading PASSED [ 23%]
tests/test_guaranteed_trader_rag.py::TestRAGBlockingLogic::test_trading_lesson_blocks_when_critical PASSED [ 23%]
tests/test_guaranteed_trader_rag.py::TestRAGBlockingLogic::test_execution_lesson_blocks_when_critical PASSED [ 23%]
tests/test_guaranteed_trader_rag.py::TestRAGBlockingLogic::test_risk_lesson_blocks_when_critical PASSED [ 23%]
tests/test_guaranteed_trader_rag.py::TestRAGBlockingLogic::test_non_critical_trading_lesson_does_not_block PASSED [ 23%]
tests/test_guaranteed_trader_rag.py::TestRAGBlockingLogic::test_unknown_category_does_not_block PASSED [ 23%]
tests/test_guaranteed_trader_rag.py::TestRAGBlockingLogic::test_empty_category_does_not_block PASSED [ 23%]
tests/test_guaranteed_trader_rag.py::TestRAGBlockingLogic::test_low_relevance_score_does_not_block PASSED [ 23%]
tests/test_guaranteed_trader_rag.py::TestRAGBlockingLogic::test_high_relevance_trading_lesson_blocks PASSED [ 23%]
tests/test_guaranteed_trader_rag.py::TestCategoryMatching::test_category_matching[trading-True] PASSED [ 23%]
tests/test_guaranteed_trader_rag.py::TestCategoryMatching::test_category_matching[Trading-True] PASSED [ 23%]
tests/test_guaranteed_trader_rag.py::TestCategoryMatching::test_category_matching[TRADING-True] PASSED [ 23%]
tests/test_guaranteed_trader_rag.py::TestCategoryMatching::test_category_matching[execution-True] PASSED [ 23%]
tests/test_guaranteed_trader_rag.py::TestCategoryMatching::test_category_matching[Execution-True] PASSED [ 23%]
tests/test_guaranteed_trader_rag.py::TestCategoryMatching::test_category_matching[EXECUTION-True] PASSED [ 23%]
tests/test_guaranteed_trader_rag.py::TestCategoryMatching::test_category_matching[risk-True] PASSED [ 23%]
tests/test_guaranteed_trader_rag.py::TestCategoryMatching::test_category_matching[Risk-True] PASSED [ 23%]
tests/test_guaranteed_trader_rag.py::TestCategoryMatching::test_category_matching[RISK-True] PASSED [ 23%]
tests/test_guaranteed_trader_rag.py::TestCategoryMatching::test_category_matching[CI/CD-False] PASSED [ 23%]
tests/test_guaranteed_trader_rag.py::TestCategoryMatching::test_category_matching[ci/cd-False] PASSED [ 23%]
tests/test_guaranteed_trader_rag.py::TestCategoryMatching::test_category_matching[Infrastructure-False] PASSED [ 23%]
tests/test_guaranteed_trader_rag.py::TestCategoryMatching::test_category_matching[Documentation-False] PASSED [ 23%]
tests/test_guaranteed_trader_rag.py::TestCategoryMatching::test_category_matching[-False] PASSED [ 23%]
tests/test_guaranteed_trader_rag.py::TestCategoryMatching::test_category_matching[unknown-False] PASSED [ 24%]
tests/test_guaranteed_trader_rag.py::TestGetAttrFallback::test_lesson_without_category_attribute PASSED [ 24%]
tests/test_historical_learning_backfill.py::test_backfill_dry_run_counts_without_writes PASSED [ 24%]
tests/test_historical_learning_backfill.py::test_backfill_is_idempotent_via_event_keys PASSED [ 24%]
tests/test_historical_learning_backfill.py::test_backfill_writes_lesson_with_strategy_breakdown PASSED [ 24%]
tests/test_install_tools_contract.py::test_install_tools_requires_ralphex_not_optional PASSED [ 24%]
tests/test_install_tools_contract.py::test_install_tools_uses_brew_for_ralphex PASSED [ 24%]
tests/test_install_tools_contract.py::test_install_tools_requires_omx PASSED [ 24%]
tests/test_introspective_council.py::TestAnonymizeResponses::test_anonymize_empty_scores SKIPPED [ 24%]
tests/test_introspective_council.py::TestAnonymizeResponses::test_anonymize_single_model SKIPPED [ 24%]
tests/test_introspective_council.py::TestAnonymizeResponses::test_anonymize_multiple_models SKIPPED [ 24%]
tests/test_introspective_council.py::TestAnonymizeResponses::test_anonymize_preserves_values SKIPPED [ 24%]
tests/test_introspective_council.py::TestAnonymizeResponses::test_anonymize_more_than_8_models SKIPPED [ 24%]
tests/test_introspective_council.py::TestCouncilValidationWithAnonymization::test_validation_passes_anonymized_scores SKIPPED [ 24%]
tests/test_introspective_council.py::TestSmokeTests::test_import_introspective_council SKIPPED [ 24%]
tests/test_introspective_council.py::TestSmokeTests::test_import_trade_decision SKIPPED [ 24%]
tests/test_introspective_council.py::TestSmokeTests::test_anonymize_method_exists SKIPPED [ 24%]
tests/test_iron_condor_backtester.py::TestIronCondorConfig::test_default_config PASSED [ 24%]
tests/test_iron_condor_backtester.py::TestIronCondorConfig::test_config_to_dict PASSED [ 24%]
tests/test_iron_condor_backtester.py::TestIronCondorConfig::test_config_from_dict PASSED [ 24%]
tests/test_iron_condor_backtester.py::TestOptionsMath::test_black_scholes_put PASSED [ 24%]
tests/test_iron_condor_backtester.py::TestOptionsMath::test_black_scholes_call PASSED [ 24%]
tests/test_iron_condor_backtester.py::TestOptionsMath::test_black_scholes_expired PASSED [ 24%]
tests/test_iron_condor_backtester.py::TestOptionsMath::test_strike_from_delta PASSED [ 24%]
tests/test_iron_condor_backtester.py::TestIronCondorResult::test_result_to_dict PASSED [ 25%]
tests/test_iron_condor_backtester.py::TestIronCondorBacktester::test_estimate_iv PASSED [ 25%]
tests/test_iron_condor_backtester.py::TestIronCondorBacktester::test_estimate_iv_insufficient_data PASSED [ 25%]
tests/test_iron_condor_backtester.py::TestIronCondorBacktester::test_calculate_summary_empty PASSED [ 25%]
tests/test_iron_condor_backtester.py::TestIronCondorBacktester::test_calculate_summary_with_results PASSED [ 25%]
tests/test_iron_condor_backtester.py::TestGenerateRAGLessons::test_generate_lessons_empty PASSED [ 25%]
tests/test_iron_condor_backtester.py::TestGenerateRAGLessons::test_generate_lessons_with_results PASSED [ 25%]
tests/test_iron_condor_expiry.py::test_expiry_is_friday PASSED           [ 25%]
tests/test_iron_condor_expiry.py::test_expiry_not_weekend PASSED         [ 25%]
tests/test_iron_condor_expiry.py::test_expiry_at_least_21_dte PASSED     [ 25%]
tests/test_iron_condor_expiry.py::test_jan23_2026_bug PASSED             [ 25%]
tests/test_iron_condor_integration.py::TestIronCondorSuccessfulEntry::test_full_simulated_flow PASSED [ 25%]
tests/test_iron_condor_integration.py::TestIronCondorSuccessfulEntry::test_full_live_flow_with_mleg PASSED [ 25%]
tests/test_iron_condor_integration.py::TestIronCondorGateRejection::test_rag_critical_lesson_blocks_entry PASSED [ 25%]
tests/test_iron_condor_integration.py::TestIronCondorAPIFailure::test_mleg_order_api_failure PASSED [ 25%]
tests/test_iron_condor_trader.py::TestIronCondorLegs::test_legs_dataclass_creation PASSED [ 25%]
tests/test_iron_condor_trader.py::TestIronCondorLegs::test_legs_has_all_four_legs PASSED [ 25%]
tests/test_iron_condor_trader.py::TestCalculateStrikes::test_strikes_for_spy_at_690 PASSED [ 25%]
tests/test_iron_condor_trader.py::TestCalculateStrikes::test_strikes_rounded_to_5_dollar_increments PASSED [ 25%]
tests/test_iron_condor_trader.py::TestCalculateStrikes::test_wing_width_matches_config PASSED [ 25%]
tests/test_iron_condor_trader.py::TestCalculateStrikes::test_strike_ordering PASSED [ 25%]
tests/test_iron_condor_trader.py::TestCalculatePremiums::test_premium_structure PASSED [ 25%]
tests/test_iron_condor_trader.py::TestCalculatePremiums::test_max_risk_calculation PASSED [ 25%]
tests/test_iron_condor_trader.py::TestStrategyConfig::test_underlying_is_spy PASSED [ 25%]
tests/test_iron_condor_trader.py::TestStrategyConfig::test_position_size_is_5_percent PASSED [ 26%]
tests/test_iron_condor_trader.py::TestStrategyConfig::test_max_positions_is_5 PASSED [ 26%]
tests/test_iron_condor_trader.py::TestStrategyConfig::test_exit_dte_is_7 PASSED [ 26%]
tests/test_iron_condor_trader.py::TestStrategyConfig::test_wing_width_is_10 PASSED [ 26%]
tests/test_iron_condor_trader.py::TestFindTrade::test_find_trade_returns_iron_condor_legs PASSED [ 26%]
tests/test_iron_condor_trader.py::TestFindTrade::test_find_trade_expiry_is_friday PASSED [ 26%]
tests/test_iron_condor_trader.py::TestExecute::test_execute_simulated_mode PASSED [ 26%]
tests/test_iron_condor_trader.py::TestExecute::test_execute_blocked_by_rag_critical_lesson PASSED [ 26%]
tests/test_iron_condor_trader.py::TestExecute::test_execute_rag_resolved_lesson_not_blocking PASSED [ 26%]
tests/test_iron_condor_trader.py::TestExecute::test_execute_live_position_limit_blocks PASSED [ 26%]
tests/test_iron_condor_trader.py::TestExecute::test_execute_live_position_check_failure_blocks PASSED [ 26%]
tests/test_iron_condor_trader.py::TestExecute::test_execute_live_no_credentials_blocks PASSED [ 26%]
tests/test_iron_condor_validation.py::TestIronCondorValidation::test_system_state_has_balanced_positions PASSED [ 26%]
tests/test_iron_condor_validation.py::TestIronCondorValidation::test_iron_condor_trader_validates_4_legs PASSED [ 26%]
tests/test_iron_condor_validation.py::TestIronCondorValidation::test_iron_condor_has_critical_alerts PASSED [ 26%]
tests/test_iron_condor_validation.py::TestPositionSpreadIntegrity::test_puts_are_paired PASSED [ 26%]
tests/test_iron_condor_validation.py::TestIronCondorCloseValidation::test_manage_ic_positions_uses_mleg_close PASSED [ 26%]
tests/test_iron_condor_validation.py::TestExecutionVerification::test_close_excess_spreads_uses_proper_api PASSED [ 26%]
tests/test_lessons_learned_rag_smoke.py::TestLessonsLearnedRAGImports::test_module_imports PASSED [ 26%]
tests/test_lessons_learned_rag_smoke.py::TestLessonsLearnedRAGImports::test_lessonslearnedrag_class_exists PASSED [ 26%]
tests/test_lessons_learned_rag_smoke.py::TestLessonsLearnedRAGImports::test_lessons_search_available_constant PASSED [ 26%]
tests/test_lessons_learned_rag_smoke.py::TestLessonsLearnedRAGInstantiation::test_init_with_default_dir PASSED [ 26%]
tests/test_lessons_learned_rag_smoke.py::TestLessonsLearnedRAGInstantiation::test_init_with_custom_dir PASSED [ 26%]
tests/test_lessons_learned_rag_smoke.py::TestLessonsLearnedRAGInstantiation::test_class_has_expected_methods PASSED [ 26%]
tests/test_lessons_learned_rag_smoke.py::TestLessonsLearnedRAGInstantiation::test_class_has_private_methods PASSED [ 26%]
tests/test_lessons_learned_rag_smoke.py::TestLessonsLearnedRAGMethods::test_query_returns_list PASSED [ 27%]
tests/test_lessons_learned_rag_smoke.py::TestLessonsLearnedRAGMethods::test_query_with_severity_filter PASSED [ 27%]
tests/test_lessons_learned_rag_smoke.py::TestLessonsLearnedRAGMethods::test_search_returns_tuples PASSED [ 27%]
tests/test_lessons_learned_rag_smoke.py::TestLessonsLearnedRAGMethods::test_get_critical_lessons PASSED [ 27%]
tests/test_lessons_learned_rag_smoke.py::TestLessonsLearnedRAGMethods::test_extract_severity_critical PASSED [ 27%]
tests/test_lessons_learned_rag_smoke.py::TestLessonsLearnedRAGMethods::test_extract_severity_high PASSED [ 27%]
tests/test_lessons_learned_rag_smoke.py::TestLessonsLearnedRAGMethods::test_extract_severity_default_low PASSED [ 27%]
tests/test_lessons_learned_rag_smoke.py::TestLessonsLearnedRAGWithTestData::test_loads_lessons_from_directory PASSED [ 27%]
tests/test_lessons_learned_rag_smoke.py::TestLessonsLearnedRAGWithTestData::test_query_finds_matching_lessons PASSED [ 27%]
tests/test_lessons_learned_rag_smoke.py::TestLessonsLearnedRAGAddLesson::test_add_lesson_creates_file PASSED [ 27%]
tests/test_lint_blog_posts.py::test_lint_flags_missing_answer_block_and_evidence PASSED [ 27%]
tests/test_lint_blog_posts.py::test_lint_accepts_structured_qa_and_evidence_link PASSED [ 27%]
tests/test_llm_gateway.py::TestEnforceGatewayRequirement::test_raises_when_required_but_missing PASSED [ 27%]
tests/test_llm_gateway.py::TestEnforceGatewayRequirement::test_passes_when_required_and_configured PASSED [ 27%]
tests/test_llm_gateway.py::TestEnforceGatewayRequirement::test_noop_when_not_required PASSED [ 27%]
tests/test_llm_gateway.py::TestEnforceGatewayRequirement::test_noop_when_explicitly_false PASSED [ 27%]
tests/test_llm_gateway.py::TestResolveConfig::test_resolve_raises_when_gateway_required_but_missing PASSED [ 27%]
tests/test_llm_gateway.py::TestResolveConfig::test_gateway_overrides_defaults PASSED [ 27%]
tests/test_llm_gateway.py::TestResolveConfig::test_falls_back_to_default_without_gateway PASSED [ 27%]
tests/test_llm_gateway.py::TestStrictMode::test_strict_mode_no_fallback PASSED [ 27%]
tests/test_llm_gateway.py::TestStrictMode::test_normal_mode_returns_fallback PASSED [ 27%]
tests/test_llm_gateway.py::TestStrictMode::test_no_gateway_means_no_fallback PASSED [ 27%]
tests/test_local_ops_snapshot.py::test_build_local_ops_snapshot_reads_expected_sources PASSED [ 27%]
tests/test_local_ops_snapshot.py::test_render_local_ops_markdown_contains_sections PASSED [ 27%]
tests/test_manage_iron_condor_positions.py::TestIsOptionSymbol::test_spy_stock_is_not_option PASSED [ 28%]
tests/test_manage_iron_condor_positions.py::TestIsOptionSymbol::test_short_symbol_is_not_option PASSED [ 28%]
tests/test_manage_iron_condor_positions.py::TestIsOptionSymbol::test_occ_option_symbol_is_option PASSED [ 28%]
tests/test_manage_iron_condor_positions.py::TestIsOptionSymbol::test_occ_call_symbol_is_option PASSED [ 28%]
tests/test_manage_iron_condor_positions.py::TestParseOptionSymbol::test_parse_spy_put PASSED [ 28%]
tests/test_manage_iron_condor_positions.py::TestParseOptionSymbol::test_parse_spy_call PASSED [ 28%]
tests/test_manage_iron_condor_positions.py::TestParseOptionSymbol::test_parse_stock_returns_none PASSED [ 28%]
tests/test_manage_iron_condor_positions.py::TestCalculateDte::test_expiry_in_7_days PASSED [ 28%]
tests/test_manage_iron_condor_positions.py::TestCalculateDte::test_expiry_in_30_days PASSED [ 28%]
tests/test_manage_iron_condor_positions.py::TestCalculateDte::test_expired_option PASSED [ 28%]
tests/test_manage_iron_condor_positions.py::TestExitConditions::test_exit_at_7_dte PASSED [ 28%]
tests/test_manage_iron_condor_positions.py::TestExitConditions::test_exit_at_50_percent_profit PASSED [ 28%]
tests/test_manage_iron_condor_positions.py::TestExitConditions::test_exit_at_100_percent_loss PASSED [ 28%]
tests/test_manage_iron_condor_positions.py::TestExitConditions::test_hold_when_no_exit_conditions_met PASSED [ 28%]
tests/test_manage_iron_condor_positions.py::TestExitConditions::test_config_values_aligned_with_strategy PASSED [ 28%]
tests/test_manage_iron_condor_positions.py::TestExitConditions::test_zero_credit_returns_hold PASSED [ 28%]
tests/test_manage_iron_condor_positions.py::TestGroupIronCondors::test_group_four_legs_into_one_ic PASSED [ 28%]
tests/test_manage_iron_condor_positions.py::TestGroupIronCondors::test_group_two_different_expiries PASSED [ 28%]
tests/test_manage_iron_condor_positions.py::TestCloseIronCondor::test_dry_run_does_not_submit_order PASSED [ 28%]
tests/test_manage_iron_condor_positions.py::TestCloseIronCondor::test_close_succeeds_with_mleg_order PASSED [ 28%]
tests/test_manage_iron_condor_positions.py::TestCloseIronCondor::test_close_fails_preserves_all_legs PASSED [ 28%]
tests/test_manage_iron_condor_positions.py::TestRecordTradeOutcome::test_win_updates_thompson_model PASSED [ 28%]
tests/test_manage_iron_condor_positions.py::TestRecordTradeOutcome::test_loss_updates_thompson_model PASSED [ 28%]
tests/test_manage_iron_condor_positions.py::TestRecordTradeOutcome::test_trajectory_log_written PASSED [ 28%]
tests/test_manage_positions.py::TestManagePositions::test_position_manager_import PASSED [ 28%]
tests/test_manage_positions.py::TestManagePositions::test_exit_conditions_defaults PASSED [ 29%]
tests/test_manage_positions.py::TestManagePositions::test_stop_loss_triggers PASSED [ 29%]
tests/test_manage_positions.py::TestManagePositions::test_take_profit_triggers PASSED [ 29%]
tests/test_manage_positions.py::TestManagePositions::test_hold_when_no_exit_condition PASSED [ 29%]
tests/test_manage_positions.py::TestManagePositions::test_manage_all_positions_returns_exits PASSED [ 29%]
tests/test_manage_positions.py::TestPhilTownCompliance::test_rule_1_stop_loss_configured PASSED [ 29%]
tests/test_manage_positions.py::TestPhilTownCompliance::test_rule_1_atr_stop_enabled PASSED [ 29%]
tests/test_mandatory_trade_gate.py::TestGateResult::test_gate_result_creation PASSED [ 29%]
tests/test_mandatory_trade_gate.py::TestGateResult::test_gate_result_defaults PASSED [ 29%]
tests/test_mandatory_trade_gate.py::TestValidateTradeMandatory::test_valid_trade_approved PASSED [ 29%]
tests/test_mandatory_trade_gate.py::TestValidateTradeMandatory::test_position_too_large_rejected PASSED [ 29%]
tests/test_mandatory_trade_gate.py::TestValidateTradeMandatory::test_invalid_amount_rejected PASSED [ 29%]
tests/test_mandatory_trade_gate.py::TestValidateTradeMandatory::test_invalid_side_rejected PASSED [ 29%]
tests/test_mandatory_trade_gate.py::TestValidateTradeMandatory::test_zero_equity_rejected PASSED [ 29%]
tests/test_mandatory_trade_gate.py::TestValidateTradeMandatory::test_position_stacking_blocked PASSED [ 29%]
tests/test_mandatory_trade_gate.py::TestValidateTradeMandatory::test_sell_existing_position_allowed PASSED [ 29%]
tests/test_mandatory_trade_gate.py::TestValidateTradeMandatory::test_north_star_guard_blocks_new_positions PASSED [ 29%]
tests/test_mandatory_trade_gate.py::TestValidateTradeMandatory::test_north_star_guard_blocks_new_positions_on_sell PASSED [ 29%]
tests/test_mandatory_trade_gate.py::TestValidateTradeMandatory::test_milestone_controller_blocks_paused_strategy_family PASSED [ 29%]
tests/test_mandatory_trade_gate.py::TestMLFeedbackModel::test_ml_check_included_in_result PASSED [ 29%]
tests/test_mandatory_trade_gate.py::TestMLFeedbackModel::test_ml_anomalies_populated PASSED [ 29%]
tests/test_mandatory_trade_gate.py::TestMLFeedbackModel::test_query_feedback_model_function PASSED [ 29%]
tests/test_mandatory_trade_gate.py::TestRegimeCheck::test_regime_check_included_in_result PASSED [ 29%]
tests/test_mandatory_trade_gate.py::TestRegimeCheck::test_regime_check_function PASSED [ 29%]
tests/test_mandatory_trade_gate.py::TestRegimeCheck::test_spike_regime_blocks_trade PASSED [ 30%]
tests/test_mandatory_trade_gate.py::TestRegimeCheck::test_volatile_regime_reduces_confidence PASSED [ 30%]
tests/test_mandatory_trade_gate.py::TestRegimeCheck::test_calm_regime_maintains_confidence PASSED [ 30%]
tests/test_mandatory_trade_gate.py::TestTradeBlockedError::test_exception_stores_gate_result PASSED [ 30%]
tests/test_mcp_governance.py::TestInputValidation::test_stock_analysis_valid_symbol PASSED [ 30%]
tests/test_mcp_governance.py::TestInputValidation::test_stock_analysis_symbol_normalized PASSED [ 30%]
tests/test_mcp_governance.py::TestInputValidation::test_stock_analysis_invalid_symbol_rejected PASSED [ 30%]
tests/test_mcp_governance.py::TestInputValidation::test_stock_analysis_malformed_symbol_rejected PASSED [ 30%]
tests/test_mcp_governance.py::TestInputValidation::test_stock_analysis_lookback_limits PASSED [ 30%]
tests/test_mcp_governance.py::TestInputValidation::test_order_request_valid PASSED [ 30%]
tests/test_mcp_governance.py::TestInputValidation::test_order_request_max_amount_enforced PASSED [ 30%]
tests/test_mcp_governance.py::TestInputValidation::test_order_request_live_trading_blocked PASSED [ 30%]
tests/test_mcp_governance.py::TestInputValidation::test_order_request_invalid_side_rejected PASSED [ 30%]
tests/test_mcp_governance.py::TestInputValidation::test_position_size_valid PASSED [ 30%]
tests/test_mcp_governance.py::TestInputValidation::test_position_size_stop_loss_above_entry_rejected PASSED [ 30%]
tests/test_mcp_governance.py::TestInputValidation::test_allowed_symbols_match_canonical_constants PASSED [ 30%]
tests/test_mcp_governance.py::TestInputValidation::test_max_order_amount_matches_5_percent_rule PASSED [ 30%]
tests/test_mcp_governance.py::TestOutputSanitization::test_clean_response_passthrough PASSED [ 30%]
tests/test_mcp_governance.py::TestOutputSanitization::test_nested_response_sanitized PASSED [ 30%]
tests/test_mcp_governance.py::TestOutputSanitization::test_sensitive_fields_redacted PASSED [ 30%]
tests/test_mcp_governance.py::TestOutputSanitization::test_injection_patterns_neutralized PASSED [ 30%]
tests/test_mcp_governance.py::TestOutputSanitization::test_long_strings_truncated PASSED [ 30%]
tests/test_mcp_governance.py::TestOutputSanitization::test_none_handling PASSED [ 30%]
tests/test_mcp_governance.py::TestOutputSanitization::test_primitive_types_passthrough PASSED [ 30%]
tests/test_mcp_governance.py::TestOutputSanitization::test_list_sanitization PASSED [ 30%]
tests/test_milestone_controller.py::test_milestone_snapshot_pauses_underperforming_options_family PASSED [ 31%]
tests/test_milestone_controller.py::test_milestone_context_blocks_buy_for_paused_family PASSED [ 31%]
tests/test_milestone_controller.py::test_milestone_snapshot_activates_family_with_positive_edge PASSED [ 31%]
tests/test_ml_report_generator.py::TestGateSignal::test_gate_signal_creation PASSED [ 31%]
tests/test_ml_report_generator.py::TestGateSignal::test_gate_signal_with_details PASSED [ 31%]
tests/test_ml_report_generator.py::TestGateSignal::test_gate_signal_with_custom_timestamp PASSED [ 31%]
tests/test_ml_report_generator.py::TestGateSignal::test_gate_signal_auto_timestamp PASSED [ 31%]
tests/test_ml_report_generator.py::TestTradeSignalRecord::test_trade_signal_record_creation PASSED [ 31%]
tests/test_ml_report_generator.py::TestTradeSignalRecord::test_trade_signal_record_with_gates PASSED [ 31%]
tests/test_ml_report_generator.py::TestTradeSignalRecord::test_trade_signal_record_rejection PASSED [ 31%]
tests/test_ml_report_generator.py::TestDailyMLReport::test_daily_ml_report_creation PASSED [ 31%]
tests/test_ml_report_generator.py::TestDailyMLReport::test_daily_ml_report_with_stats PASSED [ 31%]
tests/test_ml_report_generator.py::TestMLReportGenerator::test_init PASSED [ 31%]
tests/test_ml_report_generator.py::TestMLReportGenerator::test_record_signal PASSED [ 31%]
tests/test_ml_report_generator.py::TestMLReportGenerator::test_record_gate_results PASSED [ 31%]
tests/test_ml_report_generator.py::TestMLReportGenerator::test_record_gate_results_with_pass_key PASSED [ 31%]
tests/test_ml_report_generator.py::TestMLReportGenerator::test_record_gate_results_rejection PASSED [ 31%]
tests/test_ml_report_generator.py::TestMLReportGenerator::test_record_gate_results_no_gates PASSED [ 31%]
tests/test_ml_report_generator.py::TestMLReportGenerator::test_generate_daily_report_empty PASSED [ 31%]
tests/test_ml_report_generator.py::TestMLReportGenerator::test_generate_daily_report_with_signals PASSED [ 31%]
tests/test_ml_report_generator.py::TestMLReportGenerator::test_generate_daily_report_saves_file PASSED [ 31%]
tests/test_ml_report_generator.py::TestMLReportGenerator::test_generate_recommendations_low_gate1 PASSED [ 31%]
tests/test_ml_report_generator.py::TestMLReportGenerator::test_generate_recommendations_low_gate2 PASSED [ 31%]
tests/test_ml_report_generator.py::TestMLReportGenerator::test_generate_recommendations_low_rl_conf PASSED [ 31%]
tests/test_ml_report_generator.py::TestMLReportGenerator::test_generate_recommendations_high_rl_conf PASSED [ 32%]
[...]
tests/test_ml_report_generator.py::TestEdgeCases::test_top_opportunities_sorting PASSED [ 32%]
tests/test_ml_report_generator.py::TestEdgeCases::test_rejection_reason_aggregation PASSED [ 32%]
tests/test_ml_report_generator.py::TestEdgeCases::test_empty_rejection_reason PASSED [ 32%]
tests/test_ml_report_generator.py::TestSmokeTests::test_full_workflow_smoke_test PASSED [ 32%]
tests/test_ml_report_generator.py::TestSmokeTests::test_module_main_smoke_test PASSED [ 32%]
tests/test_model_selector.py::TestModelTier::test_tier_values PASSED     [ 32%]
tests/test_model_selector.py::TestModelConfig::test_default_values PASSED [ 32%]
tests/test_model_selector.py::TestModelConfig::test_custom_values PASSED [ 32%]
tests/test_model_selector.py::TestModelRegistry::test_all_tiers_registered PASSED [ 32%]
tests/test_model_selector.py::TestModelRegistry::test_cost_optimized_models_use_openrouter PASSED [ 32%]
tests/test_model_selector.py::TestModelRegistry::test_premium_models_use_anthropic PASSED [ 32%]
tests/test_model_selector.py::TestModelRegistry::test_kimi_has_best_trading_sortino PASSED [ 32%]
tests/test_model_selector.py::TestModelRegistry::test_cost_ordering PASSED [ 32%]
tests/test_model_selector.py::TestTaskComplexityMap::test_simple_tasks PASSED [ 32%]
tests/test_model_selector.py::TestTaskComplexityMap::test_medium_tasks PASSED [ 33%]
tests/test_model_selector.py::TestTaskComplexityMap::test_complex_tasks PASSED [ 33%]
tests/test_model_selector.py::TestTaskComplexityMap::test_critical_tasks PASSED [ 33%]
tests/test_model_selector.py::TestModelSelector::test_initialization_defaults PASSED [ 33%]
tests/test_model_selector.py::TestModelSelector::test_initialization_custom_budget PASSED [ 33%]
tests/test_model_selector.py::TestModelSelector::test_force_model_override PASSED [ 33%]
tests/test_model_selector.py::TestModelSelector::test_force_model_from_env PASSED [ 33%]
tests/test_model_selector.py::TestModelSelector::test_force_model_does_not_override_trade_critical PASSED [ 33%]
tests/test_model_selector.py::TestModelSelector::test_critical_always_opus PASSED [ 33%]
tests/test_model_selector.py::TestModelSelector::test_critical_ignores_openrouter PASSED [ 33%]
tests/test_model_selector.py::TestModelSelector::test_simple_uses_deepseek_with_openrouter PASSED [ 33%]
tests/test_model_selector.py::TestModelSelector::test_glm5_routes_opt_in_tasks_only PASSED [ 33%]
tests/test_model_selector.py::TestModelSelector::test_simple_falls_back_to_haiku PASSED [ 33%]
tests/test_model_selector.py::TestModelSelector::test_medium_uses_mistral_with_openrouter PASSED [ 33%]
tests/test_model_selector.py::TestModelSelector::test_complex_uses_kimi_with_openrouter PASSED [ 33%]
tests/test_model_selector.py::TestModelSelector::test_unknown_task_defaults_to_medium PASSED [ 33%]
tests/test_model_selector.py::TestModelSelector::test_log_usage_updates_spend PASSED [ 33%]
tests/test_model_selector.py::TestModelSelector::test_log_usage_unknown_model_uses_sonnet_pricing PASSED [ 33%]
tests/test_model_selector.py::TestModelSelector::test_budget_status PASSED [ 33%]
tests/test_model_selector.py::TestModelSelector::test_get_model_provider_anthropic PASSED [ 33%]
tests/test_model_selector.py::TestModelSelector::test_get_model_provider_openrouter PASSED [ 33%]
tests/test_model_selector.py::TestModelSelector::test_get_model_provider_unknown_defaults_anthropic PASSED [ 33%]
tests/test_model_selector.py::TestModelSelector::test_get_model_config PASSED [ 33%]
tests/test_model_selector.py::TestModelSelector::test_get_model_config_unknown_returns_none PASSED [ 33%]
tests/test_model_selector.py::TestModelSelector::test_get_model_for_agent PASSED [ 34%]
tests/test_model_selector.py::TestModelSelector::test_selection_log_bounded PASSED [ 34%]
tests/test_model_selector.py::TestModelSelector::test_selection_log_contains_provider_and_transport PASSED [ 34%]
tests/test_model_selector.py::TestModelSelector::test_transport_model_id_uses_gateway_mapping PASSED [ 34%]
tests/test_model_selector.py::TestModelSelector::test_daily_reset PASSED [ 34%]
tests/test_model_selector.py::TestModelSelector::test_monthly_reset_on_first PASSED [ 34%]
tests/test_model_selector.py::TestConvenienceFunctions::test_get_model_selector_singleton PASSED [ 34%]
tests/test_model_selector.py::TestConvenienceFunctions::test_get_model_selector_respects_env PASSED [ 34%]
tests/test_model_selector.py::TestConvenienceFunctions::test_select_model_for_task_convenience PASSED [ 34%]
tests/test_model_selector.py::TestBudgetAwareRouting::test_medium_task_high_budget_uses_sonnet PASSED [ 34%]
tests/test_model_selector.py::TestBudgetAwareRouting::test_medium_task_low_budget_uses_haiku PASSED [ 34%]
tests/test_model_selector.py::TestBudgetAwareRouting::test_complex_task_high_budget_uses_opus PASSED [ 34%]
tests/test_model_selector.py::TestBudgetAwareRouting::test_complex_task_medium_budget_uses_sonnet PASSED [ 34%]
tests/test_model_selector.py::TestForceModelTier::test_force_tier_overrides_selection PASSED [ 34%]
tests/test_model_selector.py::TestForceModelTier::test_force_tier_does_not_override_critical PASSED [ 34%]
tests/test_model_selector.py::TestEdgeCasesForCoverage::test_complex_task_low_budget_uses_haiku PASSED [ 34%]
tests/test_model_selector.py::TestEdgeCasesForCoverage::test_fallback_complexity_uses_mistral PASSED [ 34%]
tests/test_model_selector.py::TestEdgeCasesForCoverage::test_fallback_complexity_uses_sonnet_no_openrouter PASSED [ 34%]
tests/test_momentum_agent.py::test_momentum_agent_initialization PASSED  [ 34%]
tests/test_momentum_agent.py::test_momentum_agent_configure_regime PASSED [ 34%]
tests/test_momentum_agent.py::test_momentum_agent_analyze_mock PASSED    [ 34%]
tests/test_momentum_strategy.py::test_momentum_strategy_initialization PASSED [ 34%]
tests/test_momentum_strategy.py::test_momentum_strategy_generate_signals PASSED [ 34%]
tests/test_momentum_strategy.py::test_momentum_strategy_insufficient_data PASSED [ 34%]
tests/test_momentum_strategy.py::test_momentum_strategy_overbought_filter PASSED [ 34%]
tests/test_monte_carlo.py::TestMonteCarloSimulation::test_basic_simulation PASSED [ 35%]
tests/test_monte_carlo.py::TestMonteCarloSimulation::test_reproducibility PASSED [ 35%]
tests/test_monte_carlo.py::TestMonteCarloSimulation::test_all_winners PASSED [ 35%]
tests/test_monte_carlo.py::TestMonteCarloSimulation::test_all_losers PASSED [ 35%]
tests/test_monte_carlo.py::TestMonteCarloSimulation::test_confidence_intervals PASSED [ 35%]
tests/test_monte_carlo.py::TestMonteCarloSimulation::test_empty_pnls_raises_error PASSED [ 35%]
tests/test_monte_carlo.py::TestMonteCarloSimulation::test_custom_trades_per_sim PASSED [ 35%]
tests/test_monte_carlo.py::TestStatisticalValidation::test_profitable_strategy_passes PASSED [ 35%]
tests/test_monte_carlo.py::TestStatisticalValidation::test_losing_strategy_fails PASSED [ 35%]
tests/test_monte_carlo.py::TestStressTest::test_stress_test_runs PASSED  [ 35%]
tests/test_monte_carlo.py::TestStressTest::test_stress_degrades_performance PASSED [ 35%]
tests/test_monte_carlo.py::TestMonteCarloReport::test_report_generation PASSED [ 35%]
tests/test_monte_carlo.py::TestMonteCarloReport::test_to_dict_serializable PASSED [ 35%]
tests/test_no_embedded_sk_strings.py::test_no_embedded_sk_api_keys PASSED [ 35%]
tests/test_north_star_autopilot.py::test_cadence_optimizer_loosen_when_liquidity_dominates PASSED [ 35%]
tests/test_north_star_autopilot.py::test_regime_aware_sizing_reduces_cap_with_macro_watch PASSED [ 35%]
tests/test_north_star_autopilot.py::test_hard_gate_monitor_critical_on_stale_and_target_mismatch PASSED [ 35%]
tests/test_north_star_autopilot.py::test_build_snapshot_and_write_overrides PASSED [ 35%]
tests/test_north_star_guard.py::test_guard_validation_mode_with_low_sample PASSED [ 35%]
tests/test_north_star_guard.py::test_guard_capital_preservation_blocks_new_positions PASSED [ 35%]
tests/test_north_star_guard.py::test_guard_scale_ready_when_validation_passes PASSED [ 35%]
tests/test_north_star_guard.py::test_guard_applies_weekly_gate_position_cap PASSED [ 35%]
tests/test_north_star_guard.py::test_guard_applies_autopilot_regime_sizing_cap PASSED [ 35%]
tests/test_north_star_operating_plan.py::test_weekly_gate_blocks_when_recent_expectancy_negative PASSED [ 35%]
tests/test_north_star_operating_plan.py::test_contribution_plan_tracks_monthly_target_progress PASSED [ 36%]
tests/test_north_star_operating_plan.py::test_apply_operating_plan_writes_state_fields PASSED [ 36%]
tests/test_north_star_operating_plan.py::test_weekly_gate_adds_cadence_kpi_and_no_trade_diagnostic PASSED [ 36%]
tests/test_north_star_operating_plan.py::test_weekly_gate_respects_liquidity_floor_override PASSED [ 36%]
tests/test_north_star_operating_plan.py::test_expansion_mode_requires_thirty_closed_trades_for_scaling PASSED [ 36%]
tests/test_north_star_operating_plan.py::test_ai_credit_stress_watch_caps_expansion_to_cautious PASSED [ 36%]
tests/test_north_star_operating_plan.py::test_usd_macro_watch_applies_soft_size_multiplier PASSED [ 36%]
tests/test_north_star_operating_plan.py::test_apply_operating_plan_sets_usd_macro_risk_fields PASSED [ 36%]
tests/test_openrouter_integration.py::TestImportChainCompleteness::test_model_selector_has_callers PASSED [ 36%]
tests/test_openrouter_integration.py::TestImportChainCompleteness::test_mirascope_client_has_callers PASSED [ 36%]
tests/test_openrouter_integration.py::TestImportChainCompleteness::test_base_agent_has_callers PASSED [ 36%]
tests/test_openrouter_integration.py::TestProviderRouting::test_simple_task_routes_to_openrouter PASSED [ 36%]
tests/test_openrouter_integration.py::TestProviderRouting::test_medium_task_routes_to_openrouter PASSED [ 36%]
tests/test_openrouter_integration.py::TestProviderRouting::test_complex_task_routes_to_openrouter PASSED [ 36%]
tests/test_openrouter_integration.py::TestProviderRouting::test_critical_task_always_anthropic PASSED [ 36%]
tests/test_openrouter_integration.py::TestProviderRouting::test_falls_back_to_anthropic_without_key PASSED [ 36%]
tests/test_openrouter_integration.py::TestBaseAgentProviderWiring::test_notification_agent_uses_openrouter PASSED [ 36%]
tests/test_openrouter_integration.py::TestBaseAgentProviderWiring::test_agent_falls_back_to_anthropic PASSED [ 36%]
tests/test_openrouter_integration.py::TestBaseAgentProviderWiring::test_execution_agent_always_anthropic PASSED [ 36%]
tests/test_openrouter_integration.py::TestBaseAgentProviderWiring::test_openrouter_model_not_sent_to_anthropic PASSED [ 36%]
tests/test_openrouter_integration.py::TestOpenRouterClientInit::test_mirascope_client_supports_openrouter PASSED [ 36%]
tests/test_openrouter_integration.py::TestOpenRouterClientInit::test_mirascope_client_openrouter_init PASSED [ 36%]
tests/test_openrouter_integration.py::TestOpenRouterClientInit::test_mirascope_client_has_convenience_functions PASSED [ 36%]
tests/test_openrouter_integration.py::TestOpenRouterClientInit::test_model_selector_openrouter_models_valid PASSED [ 36%]
tests/test_openrouter_integration.py::TestReasonWithLLMRouting::test_openrouter_agent_calls_openrouter_api PASSED [ 36%]
tests/test_openrouter_integration.py::TestReasonWithLLMRouting::test_anthropic_agent_calls_anthropic_api PASSED [ 37%]
tests/test_openrouter_integration.py::TestProviderConsistencyInvariants::test_all_openrouter_models_have_valid_provider PASSED [ 37%]
tests/test_openrouter_integration.py::TestProviderConsistencyInvariants::test_critical_tasks_never_use_openrouter PASSED [ 37%]
tests/test_openrouter_integration.py::TestProviderConsistencyInvariants::test_openrouter_key_env_var_name PASSED [ 37%]
tests/test_openrouter_integration.py::TestProviderConsistencyInvariants::test_base_agent_has_provider_attribute PASSED [ 37%]
tests/test_openrouter_integration.py::TestProviderConsistencyInvariants::test_base_agent_has_openrouter_method PASSED [ 37%]
tests/test_openrouter_price_monitor.py::TestDetectPriceDrops::test_no_drops_when_prices_same PASSED [ 37%]
tests/test_openrouter_price_monitor.py::TestDetectPriceDrops::test_detects_input_cost_drop PASSED [ 37%]
tests/test_openrouter_price_monitor.py::TestDetectPriceDrops::test_detects_output_cost_drop PASSED [ 37%]
tests/test_openrouter_price_monitor.py::TestDetectPriceDrops::test_ignores_small_drops PASSED [ 37%]
tests/test_openrouter_price_monitor.py::TestDetectPriceDrops::test_ignores_price_increases PASSED [ 37%]
tests/test_openrouter_price_monitor.py::TestDetectPriceDrops::test_skips_models_not_in_baseline PASSED [ 37%]
tests/test_openrouter_price_monitor.py::TestDetectPriceDrops::test_multiple_drops_detected PASSED [ 37%]
tests/test_openrouter_price_monitor.py::TestDetectPriceDrops::test_zero_baseline_no_division_error PASSED [ 37%]
tests/test_openrouter_price_monitor.py::TestThreshold::test_threshold_is_30_percent PASSED [ 37%]
tests/test_openrouter_price_monitor.py::TestThreshold::test_tracked_models_include_reasoning PASSED [ 37%]
tests/test_openrouter_price_monitor.py::TestFetchPrices::test_fetch_handles_api_error PASSED [ 37%]
tests/test_openrouter_price_monitor.py::TestFetchPrices::test_fetch_parses_response PASSED [ 37%]
tests/test_options_analysis.py::TestDeltaThetaRatio::test_good_ratio_passes PASSED [ 37%]
tests/test_options_analysis.py::TestDeltaThetaRatio::test_bad_ratio_fails PASSED [ 37%]
tests/test_options_analysis.py::TestDeltaThetaRatio::test_high_decay_percentage_fails PASSED [ 37%]
tests/test_options_analysis.py::TestDeltaThetaRatio::test_acceptable_decay_passes PASSED [ 37%]
tests/test_options_analysis.py::TestDeltaThetaRatio::test_zero_theta_handles_gracefully PASSED [ 37%]
tests/test_options_analysis.py::TestDeltaThetaRatio::test_negative_theta_handled PASSED [ 37%]
tests/test_options_analysis.py::TestLiquidity::test_good_liquidity_passes PASSED [ 38%]
tests/test_options_analysis.py::TestLiquidity::test_low_open_interest_fails PASSED [ 38%]
tests/test_options_analysis.py::TestLiquidity::test_wide_spread_fails PASSED [ 38%]
tests/test_options_analysis.py::TestLiquidity::test_tight_spread_passes PASSED [ 38%]
tests/test_options_analysis.py::TestLiquidity::test_exact_minimum_oi_passes PASSED [ 38%]
tests/test_options_analysis.py::TestLiquidity::test_zero_bid_ask_handled PASSED [ 38%]
tests/test_options_analysis.py::TestContractQuality::test_perfect_contract_passes PASSED [ 38%]
tests/test_options_analysis.py::TestContractQuality::test_high_iv_warns PASSED [ 38%]
tests/test_options_analysis.py::TestContractQuality::test_marginal_contract_detected PASSED [ 38%]
tests/test_options_analysis.py::TestContractQuality::test_poor_contract_skipped PASSED [ 38%]
tests/test_options_analysis.py::TestContractQuality::test_no_iv_provided PASSED [ 38%]
tests/test_options_analysis.py::TestThresholdConstants::test_delta_theta_ratio_threshold PASSED [ 38%]
tests/test_options_analysis.py::TestThresholdConstants::test_theta_decay_threshold PASSED [ 38%]
tests/test_options_analysis.py::TestThresholdConstants::test_open_interest_threshold PASSED [ 38%]
tests/test_options_analysis.py::TestThresholdConstants::test_spread_threshold PASSED [ 38%]
tests/test_options_executor_smoke.py::TestOptionsExecutorImports::test_module_imports PASSED [ 38%]
tests/test_options_executor_smoke.py::TestOptionsExecutorImports::test_optionleg_class_exists PASSED [ 38%]
tests/test_options_executor_smoke.py::TestOptionsExecutorImports::test_optionsstrategy_class_exists PASSED [ 38%]
tests/test_options_executor_smoke.py::TestOptionsExecutorImports::test_optionsexecutor_class_exists PASSED [ 38%]
tests/test_options_executor_smoke.py::TestOptionsExecutorImports::test_get_options_executor_function_exists PASSED [ 38%]
tests/test_options_executor_smoke.py::TestOptionLegDataclass::test_optionleg_creation PASSED [ 38%]
tests/test_options_executor_smoke.py::TestOptionLegDataclass::test_optionleg_put_type PASSED [ 38%]
tests/test_options_executor_smoke.py::TestOptionsStrategyDataclass::test_optionsstrategy_creation PASSED [ 38%]
tests/test_options_executor_smoke.py::TestOptionsExecutorConstants::test_risk_management_constants PASSED [ 38%]
tests/test_options_executor_smoke.py::TestOptionsExecutorConstants::test_strategy_constants PASSED [ 39%]
tests/test_options_executor_smoke.py::TestOptionsExecutorConstants::test_risk_limits_reasonable PASSED [ 39%]
tests/test_options_executor_smoke.py::TestOptionsExecutorMethods::test_class_has_expected_public_methods PASSED [ 39%]
tests/test_options_executor_smoke.py::TestOptionsExecutorMethods::test_class_has_expected_private_methods PASSED [ 39%]
tests/test_options_executor_smoke.py::TestOptionsExecutorParseSymbol::test_parse_call_option PASSED [ 39%]
tests/test_options_executor_smoke.py::TestOptionsExecutorParseSymbol::test_parse_put_option PASSED [ 39%]
tests/test_options_executor_smoke.py::TestOptionsExecutorValidation::test_validate_order_approves_valid PASSED [ 39%]
tests/test_options_executor_smoke.py::TestOptionsExecutorValidation::test_validate_order_rejects_excessive_risk PASSED [ 39%]
tests/test_options_executor_smoke.py::TestGetOptionsExecutorFactory::test_factory_returns_executor PASSED [ 39%]
tests/test_options_executor_smoke.py::TestGetOptionsExecutorFactory::test_factory_live_mode PASSED [ 39%]
tests/test_options_risk_monitor.py::TestOptionsPositionDataclass::test_create_basic_position PASSED [ 39%]
tests/test_options_risk_monitor.py::TestOptionsPositionDataclass::test_credit_received_defaults_to_zero PASSED [ 39%]
tests/test_options_risk_monitor.py::TestOptionsPositionDataclass::test_credit_received_can_be_set PASSED [ 39%]
tests/test_options_risk_monitor.py::TestOptionsRiskMonitorInit::test_default_initialization PASSED [ 39%]
tests/test_options_risk_monitor.py::TestOptionsRiskMonitorInit::test_custom_stop_loss_multiplier PASSED [ 39%]
tests/test_options_risk_monitor.py::TestShouldClosePosition::test_position_at_breakeven_no_close PASSED [ 39%]
tests/test_options_risk_monitor.py::TestShouldClosePosition::test_position_with_small_loss_no_close PASSED [ 39%]
tests/test_options_risk_monitor.py::TestShouldClosePosition::test_position_at_max_loss_triggers_close PASSED [ 39%]
tests/test_options_risk_monitor.py::TestShouldClosePosition::test_position_exceeds_max_loss_triggers_close PASSED [ 39%]
tests/test_options_risk_monitor.py::TestShouldClosePosition::test_position_just_below_max_loss_no_close PASSED [ 39%]
tests/test_options_risk_monitor.py::TestShouldClosePosition::test_non_credit_spread_no_stop_loss PASSED [ 39%]
tests/test_options_risk_monitor.py::TestShouldClosePosition::test_position_not_found PASSED [ 39%]
tests/test_options_risk_monitor.py::TestShouldClosePositionWithDictFormat::test_dict_position_at_stop_loss PASSED [ 39%]
tests/test_options_risk_monitor.py::TestShouldClosePositionWithDictFormat::test_dict_position_within_limits PASSED [ 39%]
tests/test_options_risk_monitor.py::TestCheckRisk::test_check_risk_ok_status PASSED [ 39%]
tests/test_options_risk_monitor.py::TestCheckRisk::test_check_risk_warning_status PASSED [ 40%]
tests/test_options_risk_monitor.py::TestCheckRisk::test_check_risk_critical_status PASSED [ 40%]
tests/test_options_risk_monitor.py::TestCheckRisk::test_check_risk_unknown_position PASSED [ 40%]
tests/test_options_risk_monitor.py::TestUpdatePositionPrice::test_update_options_position_price PASSED [ 40%]
tests/test_options_risk_monitor.py::TestUpdatePositionPrice::test_update_dict_position_price PASSED [ 40%]
tests/test_options_risk_monitor.py::TestUpdatePositionPrice::test_update_unknown_position PASSED [ 40%]
tests/test_options_risk_monitor.py::TestRealWorldScenario::test_spy_credit_spread_scenario PASSED [ 40%]
tests/test_options_risk_monitor.py::TestRealWorldScenario::test_iwm_credit_spread_scenario PASSED [ 40%]
tests/test_options_risk_monitor.py::TestCustomStopLossMultiplier::test_tighter_stop_loss_1_5x PASSED [ 40%]
tests/test_options_risk_monitor.py::TestCustomStopLossMultiplier::test_looser_stop_loss_3x PASSED [ 40%]